This is pdfTeX, Version 3.14159265-2.6-1.40.18 (TeX Live 2017/Debian) (preloaded format=pdflatex 2020.4.3)  20 MAY 2020 15:32
entering extended mode
 restricted \write18 enabled.
 %&-line parsing enabled.
**template.tex
(./template.tex
LaTeX2e <2017-04-15>
Babel <3.18> and hyphenation patterns for 4 language(s) loaded.
(/usr/share/texlive/texmf-dist/tex/latex/beamer/beamer.cls
Document Class: beamer 2018/02/20 v3.50 A class for typesetting presentations
(/usr/share/texlive/texmf-dist/tex/latex/beamer/beamerbasemodes.sty
(/usr/share/texlive/texmf-dist/tex/latex/etoolbox/etoolbox.sty
Package: etoolbox 2018/02/11 v2.5e e-TeX tools for LaTeX (JAW)
\etb@tempcnta=\count79
)
\beamer@tempbox=\box26
\beamer@tempcount=\count80
\c@beamerpauses=\count81

(/usr/share/texlive/texmf-dist/tex/latex/beamer/beamerbasedecode.sty
\beamer@slideinframe=\count82
\beamer@minimum=\count83
)
\beamer@commentbox=\box27
\beamer@modecount=\count84
)
(/usr/share/texlive/texmf-dist/tex/generic/oberdiek/ifpdf.sty
Package: ifpdf 2017/03/15 v3.2 Provides the ifpdf switch
)
\headdp=\dimen102
\footheight=\dimen103
\sidebarheight=\dimen104
\beamer@tempdim=\dimen105
\beamer@finalheight=\dimen106
\beamer@animht=\dimen107
\beamer@animdp=\dimen108
\beamer@animwd=\dimen109
\beamer@leftmargin=\dimen110
\beamer@rightmargin=\dimen111
\beamer@leftsidebar=\dimen112
\beamer@rightsidebar=\dimen113
\beamer@boxsize=\dimen114
\beamer@vboxoffset=\dimen115
\beamer@descdefault=\dimen116
\beamer@descriptionwidth=\dimen117
\beamer@lastskip=\skip41
\beamer@areabox=\box28
\beamer@animcurrent=\box29
\beamer@animshowbox=\box30
\beamer@sectionbox=\box31
\beamer@logobox=\box32
\beamer@linebox=\box33
\beamer@sectioncount=\count85
\beamer@subsubsectionmax=\count86
\beamer@subsectionmax=\count87
\beamer@sectionmax=\count88
\beamer@totalheads=\count89
\beamer@headcounter=\count90
\beamer@partstartpage=\count91
\beamer@sectionstartpage=\count92
\beamer@subsectionstartpage=\count93
\beamer@animationtempa=\count94
\beamer@animationtempb=\count95
\beamer@xpos=\count96
\beamer@ypos=\count97
\beamer@ypos@offset=\count98
\beamer@showpartnumber=\count99
\beamer@currentsubsection=\count100
\beamer@coveringdepth=\count101
\beamer@sectionadjust=\count102
\beamer@tocsectionnumber=\count103

(/usr/share/texlive/texmf-dist/tex/latex/beamer/beamerbaseoptions.sty
(/usr/share/texlive/texmf-dist/tex/latex/graphics/keyval.sty
Package: keyval 2014/10/28 v1.15 key=value parser (DPC)
\KV@toks@=\toks14
))
\beamer@paperwidth=\skip42
\beamer@paperheight=\skip43

(/usr/share/texlive/texmf-dist/tex/latex/geometry/geometry.sty
Package: geometry 2010/09/12 v5.6 Page Geometry

(/usr/share/texlive/texmf-dist/tex/generic/oberdiek/ifvtex.sty
Package: ifvtex 2016/05/16 v1.6 Detect VTeX and its facilities (HO)
Package ifvtex Info: VTeX not detected.
)
(/usr/share/texlive/texmf-dist/tex/generic/ifxetex/ifxetex.sty
Package: ifxetex 2010/09/12 v0.6 Provides ifxetex conditional
)
\Gm@cnth=\count104
\Gm@cntv=\count105
\c@Gm@tempcnt=\count106
\Gm@bindingoffset=\dimen118
\Gm@wd@mp=\dimen119
\Gm@odd@mp=\dimen120
\Gm@even@mp=\dimen121
\Gm@layoutwidth=\dimen122
\Gm@layoutheight=\dimen123
\Gm@layouthoffset=\dimen124
\Gm@layoutvoffset=\dimen125
\Gm@dimlist=\toks15
)
(/usr/share/texlive/texmf-dist/tex/latex/base/size10.clo
File: size10.clo 2014/09/29 v1.4h Standard LaTeX file (size option)
)
(/usr/share/texlive/texmf-dist/tex/latex/pgf/basiclayer/pgfcore.sty
(/usr/share/texlive/texmf-dist/tex/latex/graphics/graphicx.sty
Package: graphicx 2017/06/01 v1.1a Enhanced LaTeX Graphics (DPC,SPQR)

(/usr/share/texlive/texmf-dist/tex/latex/graphics/graphics.sty
Package: graphics 2017/06/25 v1.2c Standard LaTeX Graphics (DPC,SPQR)

(/usr/share/texlive/texmf-dist/tex/latex/graphics/trig.sty
Package: trig 2016/01/03 v1.10 sin cos tan (DPC)
)
(/usr/share/texlive/texmf-dist/tex/latex/graphics-cfg/graphics.cfg
File: graphics.cfg 2016/06/04 v1.11 sample graphics configuration
)
Package graphics Info: Driver file: pdftex.def on input line 99.

(/usr/share/texlive/texmf-dist/tex/latex/graphics-def/pdftex.def
File: pdftex.def 2018/01/08 v1.0l Graphics/color driver for pdftex
))
\Gin@req@height=\dimen126
\Gin@req@width=\dimen127
)
(/usr/share/texlive/texmf-dist/tex/latex/pgf/systemlayer/pgfsys.sty
(/usr/share/texlive/texmf-dist/tex/latex/pgf/utilities/pgfrcs.sty
(/usr/share/texlive/texmf-dist/tex/generic/pgf/utilities/pgfutil-common.tex
\pgfutil@everybye=\toks16
\pgfutil@tempdima=\dimen128
\pgfutil@tempdimb=\dimen129

(/usr/share/texlive/texmf-dist/tex/generic/pgf/utilities/pgfutil-common-lists.t
ex)) (/usr/share/texlive/texmf-dist/tex/generic/pgf/utilities/pgfutil-latex.def
\pgfutil@abb=\box34
(/usr/share/texlive/texmf-dist/tex/latex/ms/everyshi.sty
Package: everyshi 2001/05/15 v3.00 EveryShipout Package (MS)
))
(/usr/share/texlive/texmf-dist/tex/generic/pgf/utilities/pgfrcs.code.tex
Package: pgfrcs 2015/08/07 v3.0.1a (rcs-revision 1.31)
))
(/usr/share/texlive/texmf-dist/tex/generic/pgf/systemlayer/pgfsys.code.tex
Package: pgfsys 2014/07/09 v3.0.1a (rcs-revision 1.48)

(/usr/share/texlive/texmf-dist/tex/generic/pgf/utilities/pgfkeys.code.tex
\pgfkeys@pathtoks=\toks17
\pgfkeys@temptoks=\toks18

(/usr/share/texlive/texmf-dist/tex/generic/pgf/utilities/pgfkeysfiltered.code.t
ex
\pgfkeys@tmptoks=\toks19
))
\pgf@x=\dimen130
\pgf@y=\dimen131
\pgf@xa=\dimen132
\pgf@ya=\dimen133
\pgf@xb=\dimen134
\pgf@yb=\dimen135
\pgf@xc=\dimen136
\pgf@yc=\dimen137
\w@pgf@writea=\write3
\r@pgf@reada=\read1
\c@pgf@counta=\count107
\c@pgf@countb=\count108
\c@pgf@countc=\count109
\c@pgf@countd=\count110
\t@pgf@toka=\toks20
\t@pgf@tokb=\toks21
\t@pgf@tokc=\toks22
 (/usr/share/texlive/texmf-dist/tex/generic/pgf/systemlayer/pgf.cfg
File: pgf.cfg 2008/05/14  (rcs-revision 1.7)
)
Driver file for pgf: pgfsys-pdftex.def

(/usr/share/texlive/texmf-dist/tex/generic/pgf/systemlayer/pgfsys-pdftex.def
File: pgfsys-pdftex.def 2014/10/11  (rcs-revision 1.35)

(/usr/share/texlive/texmf-dist/tex/generic/pgf/systemlayer/pgfsys-common-pdf.de
f
File: pgfsys-common-pdf.def 2013/10/10  (rcs-revision 1.13)
)))
(/usr/share/texlive/texmf-dist/tex/generic/pgf/systemlayer/pgfsyssoftpath.code.
tex
File: pgfsyssoftpath.code.tex 2013/09/09  (rcs-revision 1.9)
\pgfsyssoftpath@smallbuffer@items=\count111
\pgfsyssoftpath@bigbuffer@items=\count112
)
(/usr/share/texlive/texmf-dist/tex/generic/pgf/systemlayer/pgfsysprotocol.code.
tex
File: pgfsysprotocol.code.tex 2006/10/16  (rcs-revision 1.4)
)) (/usr/share/texlive/texmf-dist/tex/latex/xcolor/xcolor.sty
Package: xcolor 2016/05/11 v2.12 LaTeX color extensions (UK)

(/usr/share/texlive/texmf-dist/tex/latex/graphics-cfg/color.cfg
File: color.cfg 2016/01/02 v1.6 sample color configuration
)
Package xcolor Info: Driver file: pdftex.def on input line 225.
Package xcolor Info: Model `cmy' substituted by `cmy0' on input line 1348.
Package xcolor Info: Model `hsb' substituted by `rgb' on input line 1352.
Package xcolor Info: Model `RGB' extended on input line 1364.
Package xcolor Info: Model `HTML' substituted by `rgb' on input line 1366.
Package xcolor Info: Model `Hsb' substituted by `hsb' on input line 1367.
Package xcolor Info: Model `tHsb' substituted by `hsb' on input line 1368.
Package xcolor Info: Model `HSB' substituted by `hsb' on input line 1369.
Package xcolor Info: Model `Gray' substituted by `gray' on input line 1370.
Package xcolor Info: Model `wave' substituted by `hsb' on input line 1371.

(/usr/share/texlive/texmf-dist/tex/latex/graphics/dvipsnam.def
File: dvipsnam.def 2016/06/17 v3.0m Driver-dependent file (DPC,SPQR)
))
(/usr/share/texlive/texmf-dist/tex/generic/pgf/basiclayer/pgfcore.code.tex
Package: pgfcore 2010/04/11 v3.0.1a (rcs-revision 1.7)

(/usr/share/texlive/texmf-dist/tex/generic/pgf/math/pgfmath.code.tex
(/usr/share/texlive/texmf-dist/tex/generic/pgf/math/pgfmathcalc.code.tex
(/usr/share/texlive/texmf-dist/tex/generic/pgf/math/pgfmathutil.code.tex)
(/usr/share/texlive/texmf-dist/tex/generic/pgf/math/pgfmathparser.code.tex
\pgfmath@dimen=\dimen138
\pgfmath@count=\count113
\pgfmath@box=\box35
\pgfmath@toks=\toks23
\pgfmath@stack@operand=\toks24
\pgfmath@stack@operation=\toks25
)
(/usr/share/texlive/texmf-dist/tex/generic/pgf/math/pgfmathfunctions.code.tex
(/usr/share/texlive/texmf-dist/tex/generic/pgf/math/pgfmathfunctions.basic.code
.tex)
(/usr/share/texlive/texmf-dist/tex/generic/pgf/math/pgfmathfunctions.trigonomet
ric.code.tex)
(/usr/share/texlive/texmf-dist/tex/generic/pgf/math/pgfmathfunctions.random.cod
e.tex)
(/usr/share/texlive/texmf-dist/tex/generic/pgf/math/pgfmathfunctions.comparison
.code.tex)
(/usr/share/texlive/texmf-dist/tex/generic/pgf/math/pgfmathfunctions.base.code.
tex)
(/usr/share/texlive/texmf-dist/tex/generic/pgf/math/pgfmathfunctions.round.code
.tex)
(/usr/share/texlive/texmf-dist/tex/generic/pgf/math/pgfmathfunctions.misc.code.
tex)
(/usr/share/texlive/texmf-dist/tex/generic/pgf/math/pgfmathfunctions.integerari
thmetics.code.tex)))
(/usr/share/texlive/texmf-dist/tex/generic/pgf/math/pgfmathfloat.code.tex
\c@pgfmathroundto@lastzeros=\count114
))
(/usr/share/texlive/texmf-dist/tex/generic/pgf/basiclayer/pgfcorepoints.code.te
x
File: pgfcorepoints.code.tex 2013/10/07  (rcs-revision 1.27)
\pgf@picminx=\dimen139
\pgf@picmaxx=\dimen140
\pgf@picminy=\dimen141
\pgf@picmaxy=\dimen142
\pgf@pathminx=\dimen143
\pgf@pathmaxx=\dimen144
\pgf@pathminy=\dimen145
\pgf@pathmaxy=\dimen146
\pgf@xx=\dimen147
\pgf@xy=\dimen148
\pgf@yx=\dimen149
\pgf@yy=\dimen150
\pgf@zx=\dimen151
\pgf@zy=\dimen152
)
(/usr/share/texlive/texmf-dist/tex/generic/pgf/basiclayer/pgfcorepathconstruct.
code.tex
File: pgfcorepathconstruct.code.tex 2013/10/07  (rcs-revision 1.29)
\pgf@path@lastx=\dimen153
\pgf@path@lasty=\dimen154
)
(/usr/share/texlive/texmf-dist/tex/generic/pgf/basiclayer/pgfcorepathusage.code
.tex
File: pgfcorepathusage.code.tex 2014/11/02  (rcs-revision 1.24)
\pgf@shorten@end@additional=\dimen155
\pgf@shorten@start@additional=\dimen156
)
(/usr/share/texlive/texmf-dist/tex/generic/pgf/basiclayer/pgfcorescopes.code.te
x
File: pgfcorescopes.code.tex 2015/05/08  (rcs-revision 1.46)
\pgfpic=\box36
\pgf@hbox=\box37
\pgf@layerbox@main=\box38
\pgf@picture@serial@count=\count115
)
(/usr/share/texlive/texmf-dist/tex/generic/pgf/basiclayer/pgfcoregraphicstate.c
ode.tex
File: pgfcoregraphicstate.code.tex 2014/11/02  (rcs-revision 1.12)
\pgflinewidth=\dimen157
)
(/usr/share/texlive/texmf-dist/tex/generic/pgf/basiclayer/pgfcoretransformation
s.code.tex
File: pgfcoretransformations.code.tex 2015/08/07  (rcs-revision 1.20)
\pgf@pt@x=\dimen158
\pgf@pt@y=\dimen159
\pgf@pt@temp=\dimen160
)
(/usr/share/texlive/texmf-dist/tex/generic/pgf/basiclayer/pgfcorequick.code.tex
File: pgfcorequick.code.tex 2008/10/09  (rcs-revision 1.3)
)
(/usr/share/texlive/texmf-dist/tex/generic/pgf/basiclayer/pgfcoreobjects.code.t
ex
File: pgfcoreobjects.code.tex 2006/10/11  (rcs-revision 1.2)
)
(/usr/share/texlive/texmf-dist/tex/generic/pgf/basiclayer/pgfcorepathprocessing
.code.tex
File: pgfcorepathprocessing.code.tex 2013/09/09  (rcs-revision 1.9)
)
(/usr/share/texlive/texmf-dist/tex/generic/pgf/basiclayer/pgfcorearrows.code.te
x
File: pgfcorearrows.code.tex 2015/05/14  (rcs-revision 1.43)
\pgfarrowsep=\dimen161
)
(/usr/share/texlive/texmf-dist/tex/generic/pgf/basiclayer/pgfcoreshade.code.tex
File: pgfcoreshade.code.tex 2013/07/15  (rcs-revision 1.15)
\pgf@max=\dimen162
\pgf@sys@shading@range@num=\count116
)
(/usr/share/texlive/texmf-dist/tex/generic/pgf/basiclayer/pgfcoreimage.code.tex
File: pgfcoreimage.code.tex 2013/07/15  (rcs-revision 1.18)

(/usr/share/texlive/texmf-dist/tex/generic/pgf/basiclayer/pgfcoreexternal.code.
tex
File: pgfcoreexternal.code.tex 2014/07/09  (rcs-revision 1.21)
\pgfexternal@startupbox=\box39
))
(/usr/share/texlive/texmf-dist/tex/generic/pgf/basiclayer/pgfcorelayers.code.te
x
File: pgfcorelayers.code.tex 2013/07/18  (rcs-revision 1.7)
)
(/usr/share/texlive/texmf-dist/tex/generic/pgf/basiclayer/pgfcoretransparency.c
ode.tex
File: pgfcoretransparency.code.tex 2013/09/30  (rcs-revision 1.5)
)
(/usr/share/texlive/texmf-dist/tex/generic/pgf/basiclayer/pgfcorepatterns.code.
tex
File: pgfcorepatterns.code.tex 2013/11/07  (rcs-revision 1.5)
))) (/usr/share/texlive/texmf-dist/tex/latex/pgf/utilities/xxcolor.sty
Package: xxcolor 2003/10/24 ver 0.1
\XC@nummixins=\count117
\XC@countmixins=\count118
)
(/usr/share/texlive/texmf-dist/tex/generic/oberdiek/atbegshi.sty
Package: atbegshi 2016/06/09 v1.18 At begin shipout hook (HO)

(/usr/share/texlive/texmf-dist/tex/generic/oberdiek/infwarerr.sty
Package: infwarerr 2016/05/16 v1.4 Providing info/warning/error messages (HO)
)
(/usr/share/texlive/texmf-dist/tex/generic/oberdiek/ltxcmds.sty
Package: ltxcmds 2016/05/16 v1.23 LaTeX kernel commands for general use (HO)
))
(/usr/share/texlive/texmf-dist/tex/latex/hyperref/hyperref.sty
Package: hyperref 2018/02/06 v6.86b Hypertext links for LaTeX

(/usr/share/texlive/texmf-dist/tex/generic/oberdiek/hobsub-hyperref.sty
Package: hobsub-hyperref 2016/05/16 v1.14 Bundle oberdiek, subset hyperref (HO)


(/usr/share/texlive/texmf-dist/tex/generic/oberdiek/hobsub-generic.sty
Package: hobsub-generic 2016/05/16 v1.14 Bundle oberdiek, subset generic (HO)
Package: hobsub 2016/05/16 v1.14 Construct package bundles (HO)
Package hobsub Info: Skipping package `infwarerr' (already loaded).
Package hobsub Info: Skipping package `ltxcmds' (already loaded).
Package: ifluatex 2016/05/16 v1.4 Provides the ifluatex switch (HO)
Package ifluatex Info: LuaTeX not detected.
Package hobsub Info: Skipping package `ifvtex' (already loaded).
Package: intcalc 2016/05/16 v1.2 Expandable calculations with integers (HO)
Package hobsub Info: Skipping package `ifpdf' (already loaded).
Package: etexcmds 2016/05/16 v1.6 Avoid name clashes with e-TeX commands (HO)
Package etexcmds Info: Could not find \expanded.
(etexcmds)             That can mean that you are not using pdfTeX 1.50 or
(etexcmds)             that some package has redefined \expanded.
(etexcmds)             In the latter case, load this package earlier.
Package: kvsetkeys 2016/05/16 v1.17 Key value parser (HO)
Package: kvdefinekeys 2016/05/16 v1.4 Define keys (HO)
Package: pdftexcmds 2018/01/21 v0.26 Utility functions of pdfTeX for LuaTeX (HO
)
Package pdftexcmds Info: LuaTeX not detected.
Package pdftexcmds Info: \pdf@primitive is available.
Package pdftexcmds Info: \pdf@ifprimitive is available.
Package pdftexcmds Info: \pdfdraftmode found.
Package: pdfescape 2016/05/16 v1.14 Implements pdfTeX's escape features (HO)
Package: bigintcalc 2016/05/16 v1.4 Expandable calculations on big integers (HO
)
Package: bitset 2016/05/16 v1.2 Handle bit-vector datatype (HO)
Package: uniquecounter 2016/05/16 v1.3 Provide unlimited unique counter (HO)
)
Package hobsub Info: Skipping package `hobsub' (already loaded).
Package: letltxmacro 2016/05/16 v1.5 Let assignment for LaTeX macros (HO)
Package: hopatch 2016/05/16 v1.3 Wrapper for package hooks (HO)
Package: xcolor-patch 2016/05/16 xcolor patch
Package: atveryend 2016/05/16 v1.9 Hooks at the very end of document (HO)
Package hobsub Info: Skipping package `atbegshi' (already loaded).
Package: refcount 2016/05/16 v3.5 Data extraction from label references (HO)
Package: hycolor 2016/05/16 v1.8 Color options for hyperref/bookmark (HO)
)
(/usr/share/texlive/texmf-dist/tex/latex/oberdiek/auxhook.sty
Package: auxhook 2016/05/16 v1.4 Hooks for auxiliary files (HO)
)
(/usr/share/texlive/texmf-dist/tex/latex/oberdiek/kvoptions.sty
Package: kvoptions 2016/05/16 v3.12 Key value format for package options (HO)
)
\@linkdim=\dimen163
\Hy@linkcounter=\count119
\Hy@pagecounter=\count120

(/usr/share/texlive/texmf-dist/tex/latex/hyperref/pd1enc.def
File: pd1enc.def 2018/02/06 v6.86b Hyperref: PDFDocEncoding definition (HO)
)
\Hy@SavedSpaceFactor=\count121

(/usr/share/texlive/texmf-dist/tex/latex/latexconfig/hyperref.cfg
File: hyperref.cfg 2002/06/06 v1.2 hyperref configuration of TeXLive
)
Package hyperref Info: Option `bookmarks' set `true' on input line 4383.
Package hyperref Info: Option `bookmarksopen' set `true' on input line 4383.
Package hyperref Info: Option `implicit' set `false' on input line 4383.
Package hyperref Info: Hyper figures OFF on input line 4509.
Package hyperref Info: Link nesting OFF on input line 4514.
Package hyperref Info: Hyper index ON on input line 4517.
Package hyperref Info: Plain pages OFF on input line 4524.
Package hyperref Info: Backreferencing OFF on input line 4529.
Package hyperref Info: Implicit mode OFF; no redefinition of LaTeX internals.
Package hyperref Info: Bookmarks ON on input line 4762.
\c@Hy@tempcnt=\count122

(/usr/share/texlive/texmf-dist/tex/latex/url/url.sty
\Urlmuskip=\muskip10
Package: url 2013/09/16  ver 3.4  Verb mode for urls, etc.
)
LaTeX Info: Redefining \url on input line 5115.
\XeTeXLinkMargin=\dimen164
\Fld@menulength=\count123
\Field@Width=\dimen165
\Fld@charsize=\dimen166
Package hyperref Info: Hyper figures OFF on input line 6369.
Package hyperref Info: Link nesting OFF on input line 6374.
Package hyperref Info: Hyper index ON on input line 6377.
Package hyperref Info: backreferencing OFF on input line 6384.
Package hyperref Info: Link coloring OFF on input line 6389.
Package hyperref Info: Link coloring with OCG OFF on input line 6394.
Package hyperref Info: PDF/A mode OFF on input line 6399.
LaTeX Info: Redefining \ref on input line 6439.
LaTeX Info: Redefining \pageref on input line 6443.
\Hy@abspage=\count124


Package hyperref Message: Stopped early.

)
Package hyperref Info: Driver (autodetected): hpdftex.
 (/usr/share/texlive/texmf-dist/tex/latex/hyperref/hpdftex.def
File: hpdftex.def 2018/02/06 v6.86b Hyperref driver for pdfTeX
\Fld@listcount=\count125
\c@bookmark@seq@number=\count126

(/usr/share/texlive/texmf-dist/tex/latex/oberdiek/rerunfilecheck.sty
Package: rerunfilecheck 2016/05/16 v1.8 Rerun checks for auxiliary files (HO)
Package uniquecounter Info: New unique counter `rerunfilecheck' on input line 2
82.
))
(/usr/share/texlive/texmf-dist/tex/latex/beamer/beamerbaserequires.sty
(/usr/share/texlive/texmf-dist/tex/latex/beamer/beamerbasecompatibility.sty)
(/usr/share/texlive/texmf-dist/tex/latex/beamer/beamerbasefont.sty
(/usr/share/texlive/texmf-dist/tex/latex/amsfonts/amssymb.sty
Package: amssymb 2013/01/14 v3.01 AMS font symbols

(/usr/share/texlive/texmf-dist/tex/latex/amsfonts/amsfonts.sty
Package: amsfonts 2013/01/14 v3.01 Basic AMSFonts support
\@emptytoks=\toks26
\symAMSa=\mathgroup4
\symAMSb=\mathgroup5
LaTeX Font Info:    Overwriting math alphabet `\mathfrak' in version `bold'
(Font)                  U/euf/m/n --> U/euf/b/n on input line 106.
))
(/usr/share/texlive/texmf-dist/tex/latex/sansmathaccent/sansmathaccent.sty
Package: sansmathaccent 2013/03/28

(/usr/share/texlive/texmf-dist/tex/latex/filehook/filehook.sty
Package: filehook 2011/10/12 v0.5d Hooks for input files
)))
(/usr/share/texlive/texmf-dist/tex/latex/beamer/beamerbasetranslator.sty
(/usr/share/texlive/texmf-dist/tex/latex/translator/translator.sty
Package: translator 2018/01/04 v1.12 Easy translation of strings in LaTeX
))
(/usr/share/texlive/texmf-dist/tex/latex/beamer/beamerbasemisc.sty)
(/usr/share/texlive/texmf-dist/tex/latex/beamer/beamerbasetwoscreens.sty)
(/usr/share/texlive/texmf-dist/tex/latex/beamer/beamerbaseoverlay.sty
\beamer@argscount=\count127
\beamer@lastskipcover=\skip44
\beamer@trivlistdepth=\count128
)
(/usr/share/texlive/texmf-dist/tex/latex/beamer/beamerbasetitle.sty)
(/usr/share/texlive/texmf-dist/tex/latex/beamer/beamerbasesection.sty
\c@lecture=\count129
\c@part=\count130
\c@section=\count131
\c@subsection=\count132
\c@subsubsection=\count133
)
(/usr/share/texlive/texmf-dist/tex/latex/beamer/beamerbaseframe.sty
\beamer@framebox=\box40
\beamer@frametitlebox=\box41
\beamer@zoombox=\box42
\beamer@zoomcount=\count134
\beamer@zoomframecount=\count135
\beamer@frametextheight=\dimen167
\c@subsectionslide=\count136
\beamer@frametopskip=\skip45
\beamer@framebottomskip=\skip46
\beamer@frametopskipautobreak=\skip47
\beamer@framebottomskipautobreak=\skip48
\beamer@envbody=\toks27
\framewidth=\dimen168
\c@framenumber=\count137
)
(/usr/share/texlive/texmf-dist/tex/latex/beamer/beamerbaseverbatim.sty
\beamer@verbatimfileout=\write4
)
(/usr/share/texlive/texmf-dist/tex/latex/beamer/beamerbaseframesize.sty
\beamer@splitbox=\box43
\beamer@autobreakcount=\count138
\beamer@autobreaklastheight=\dimen169
\beamer@frametitletoks=\toks28
\beamer@framesubtitletoks=\toks29
)
(/usr/share/texlive/texmf-dist/tex/latex/beamer/beamerbaseframecomponents.sty
\beamer@footins=\box44
)
(/usr/share/texlive/texmf-dist/tex/latex/beamer/beamerbasecolor.sty
\beamer@bg@ht=\dimen170
\beamer@bg@wd=\dimen171
\beamer@bg@dp=\dimen172
)
(/usr/share/texlive/texmf-dist/tex/latex/beamer/beamerbasenotes.sty
\beamer@frameboxcopy=\box45
)
(/usr/share/texlive/texmf-dist/tex/latex/beamer/beamerbasetoc.sty)
(/usr/share/texlive/texmf-dist/tex/latex/beamer/beamerbasetemplates.sty
\beamer@sbttoks=\toks30

(/usr/share/texlive/texmf-dist/tex/latex/beamer/beamerbaseauxtemplates.sty
(/usr/share/texlive/texmf-dist/tex/latex/beamer/beamerbaseboxes.sty
\bmb@box=\box46
\bmb@colorbox=\box47
\bmb@boxshadow=\box48
\bmb@boxshadowball=\box49
\bmb@boxshadowballlarge=\box50
\bmb@temp=\dimen173
\bmb@dima=\dimen174
\bmb@dimb=\dimen175
\bmb@prevheight=\dimen176
)
\beamer@blockheadheight=\dimen177
))
(/usr/share/texlive/texmf-dist/tex/latex/beamer/beamerbaselocalstructure.sty
(/usr/share/texlive/texmf-dist/tex/latex/tools/enumerate.sty
Package: enumerate 2015/07/23 v3.00 enumerate extensions (DPC)
\@enLab=\toks31
)
\c@figure=\count139
\c@table=\count140
\abovecaptionskip=\skip49
\belowcaptionskip=\skip50
)
(/usr/share/texlive/texmf-dist/tex/latex/beamer/beamerbasenavigation.sty
\beamer@section@min@dim=\dimen178
)
(/usr/share/texlive/texmf-dist/tex/latex/beamer/beamerbasetheorems.sty
(/usr/share/texlive/texmf-dist/tex/latex/amsmath/amsmath.sty
Package: amsmath 2017/09/02 v2.17a AMS math features
\@mathmargin=\skip51

For additional information on amsmath, use the `?' option.
(/usr/share/texlive/texmf-dist/tex/latex/amsmath/amstext.sty
Package: amstext 2000/06/29 v2.01 AMS text

(/usr/share/texlive/texmf-dist/tex/latex/amsmath/amsgen.sty
File: amsgen.sty 1999/11/30 v2.0 generic functions
\@emptytoks=\toks32
\ex@=\dimen179
))
(/usr/share/texlive/texmf-dist/tex/latex/amsmath/amsbsy.sty
Package: amsbsy 1999/11/29 v1.2d Bold Symbols
\pmbraise@=\dimen180
)
(/usr/share/texlive/texmf-dist/tex/latex/amsmath/amsopn.sty
Package: amsopn 2016/03/08 v2.02 operator names
)
\inf@bad=\count141
LaTeX Info: Redefining \frac on input line 213.
\uproot@=\count142
\leftroot@=\count143
LaTeX Info: Redefining \overline on input line 375.
\classnum@=\count144
\DOTSCASE@=\count145
LaTeX Info: Redefining \ldots on input line 472.
LaTeX Info: Redefining \dots on input line 475.
LaTeX Info: Redefining \cdots on input line 596.
\Mathstrutbox@=\box51
\strutbox@=\box52
\big@size=\dimen181
LaTeX Font Info:    Redeclaring font encoding OML on input line 712.
LaTeX Font Info:    Redeclaring font encoding OMS on input line 713.
\macc@depth=\count146
\c@MaxMatrixCols=\count147
\dotsspace@=\muskip11
\c@parentequation=\count148
\dspbrk@lvl=\count149
\tag@help=\toks33
\row@=\count150
\column@=\count151
\maxfields@=\count152
\andhelp@=\toks34
\eqnshift@=\dimen182
\alignsep@=\dimen183
\tagshift@=\dimen184
\tagwidth@=\dimen185
\totwidth@=\dimen186
\lineht@=\dimen187
\@envbody=\toks35
\multlinegap=\skip52
\multlinetaggap=\skip53
\mathdisplay@stack=\toks36
LaTeX Info: Redefining \[ on input line 2817.
LaTeX Info: Redefining \] on input line 2818.
)
(/usr/share/texlive/texmf-dist/tex/latex/amscls/amsthm.sty
Package: amsthm 2017/10/31 v2.20.4
\thm@style=\toks37
\thm@bodyfont=\toks38
\thm@headfont=\toks39
\thm@notefont=\toks40
\thm@headpunct=\toks41
\thm@preskip=\skip54
\thm@postskip=\skip55
\thm@headsep=\skip56
\dth@everypar=\toks42
)
\c@theorem=\count153
)
(/usr/share/texlive/texmf-dist/tex/latex/beamer/beamerbasethemes.sty))
(/usr/share/texlive/texmf-dist/tex/latex/beamer/beamerthemedefault.sty
(/usr/share/texlive/texmf-dist/tex/latex/beamer/beamerfontthemedefault.sty)
(/usr/share/texlive/texmf-dist/tex/latex/beamer/beamercolorthemedefault.sty)
(/usr/share/texlive/texmf-dist/tex/latex/beamer/beamerinnerthemedefault.sty
\beamer@dima=\dimen188
\beamer@dimb=\dimen189
)
(/usr/share/texlive/texmf-dist/tex/latex/beamer/beamerouterthemedefault.sty)))
(/usr/share/texlive/texmf-dist/tex/latex/base/inputenc.sty
Package: inputenc 2015/03/17 v1.2c Input encoding file
\inpenc@prehook=\toks43
\inpenc@posthook=\toks44

(/usr/share/texlive/texmf-dist/tex/latex/base/utf8.def
File: utf8.def 2017/01/28 v1.1t UTF-8 support for inputenc
Now handling font encoding OML ...
... no UTF-8 mapping file for font encoding OML
Now handling font encoding T1 ...
... processing UTF-8 mapping file for font encoding T1

(/usr/share/texlive/texmf-dist/tex/latex/base/t1enc.dfu
File: t1enc.dfu 2017/01/28 v1.1t UTF-8 support for inputenc
   defining Unicode char U+00A0 (decimal 160)
   defining Unicode char U+00A1 (decimal 161)
   defining Unicode char U+00A3 (decimal 163)
   defining Unicode char U+00AB (decimal 171)
   defining Unicode char U+00AD (decimal 173)
   defining Unicode char U+00BB (decimal 187)
   defining Unicode char U+00BF (decimal 191)
   defining Unicode char U+00C0 (decimal 192)
   defining Unicode char U+00C1 (decimal 193)
   defining Unicode char U+00C2 (decimal 194)
   defining Unicode char U+00C3 (decimal 195)
   defining Unicode char U+00C4 (decimal 196)
   defining Unicode char U+00C5 (decimal 197)
   defining Unicode char U+00C6 (decimal 198)
   defining Unicode char U+00C7 (decimal 199)
   defining Unicode char U+00C8 (decimal 200)
   defining Unicode char U+00C9 (decimal 201)
   defining Unicode char U+00CA (decimal 202)
   defining Unicode char U+00CB (decimal 203)
   defining Unicode char U+00CC (decimal 204)
   defining Unicode char U+00CD (decimal 205)
   defining Unicode char U+00CE (decimal 206)
   defining Unicode char U+00CF (decimal 207)
   defining Unicode char U+00D0 (decimal 208)
   defining Unicode char U+00D1 (decimal 209)
   defining Unicode char U+00D2 (decimal 210)
   defining Unicode char U+00D3 (decimal 211)
   defining Unicode char U+00D4 (decimal 212)
   defining Unicode char U+00D5 (decimal 213)
   defining Unicode char U+00D6 (decimal 214)
   defining Unicode char U+00D8 (decimal 216)
   defining Unicode char U+00D9 (decimal 217)
   defining Unicode char U+00DA (decimal 218)
   defining Unicode char U+00DB (decimal 219)
   defining Unicode char U+00DC (decimal 220)
   defining Unicode char U+00DD (decimal 221)
   defining Unicode char U+00DE (decimal 222)
   defining Unicode char U+00DF (decimal 223)
   defining Unicode char U+00E0 (decimal 224)
   defining Unicode char U+00E1 (decimal 225)
   defining Unicode char U+00E2 (decimal 226)
   defining Unicode char U+00E3 (decimal 227)
   defining Unicode char U+00E4 (decimal 228)
   defining Unicode char U+00E5 (decimal 229)
   defining Unicode char U+00E6 (decimal 230)
   defining Unicode char U+00E7 (decimal 231)
   defining Unicode char U+00E8 (decimal 232)
   defining Unicode char U+00E9 (decimal 233)
   defining Unicode char U+00EA (decimal 234)
   defining Unicode char U+00EB (decimal 235)
   defining Unicode char U+00EC (decimal 236)
   defining Unicode char U+00ED (decimal 237)
   defining Unicode char U+00EE (decimal 238)
   defining Unicode char U+00EF (decimal 239)
   defining Unicode char U+00F0 (decimal 240)
   defining Unicode char U+00F1 (decimal 241)
   defining Unicode char U+00F2 (decimal 242)
   defining Unicode char U+00F3 (decimal 243)
   defining Unicode char U+00F4 (decimal 244)
   defining Unicode char U+00F5 (decimal 245)
   defining Unicode char U+00F6 (decimal 246)
   defining Unicode char U+00F8 (decimal 248)
   defining Unicode char U+00F9 (decimal 249)
   defining Unicode char U+00FA (decimal 250)
   defining Unicode char U+00FB (decimal 251)
   defining Unicode char U+00FC (decimal 252)
   defining Unicode char U+00FD (decimal 253)
   defining Unicode char U+00FE (decimal 254)
   defining Unicode char U+00FF (decimal 255)
   defining Unicode char U+0100 (decimal 256)
   defining Unicode char U+0101 (decimal 257)
   defining Unicode char U+0102 (decimal 258)
   defining Unicode char U+0103 (decimal 259)
   defining Unicode char U+0104 (decimal 260)
   defining Unicode char U+0105 (decimal 261)
   defining Unicode char U+0106 (decimal 262)
   defining Unicode char U+0107 (decimal 263)
   defining Unicode char U+0108 (decimal 264)
   defining Unicode char U+0109 (decimal 265)
   defining Unicode char U+010A (decimal 266)
   defining Unicode char U+010B (decimal 267)
   defining Unicode char U+010C (decimal 268)
   defining Unicode char U+010D (decimal 269)
   defining Unicode char U+010E (decimal 270)
   defining Unicode char U+010F (decimal 271)
   defining Unicode char U+0110 (decimal 272)
   defining Unicode char U+0111 (decimal 273)
   defining Unicode char U+0112 (decimal 274)
   defining Unicode char U+0113 (decimal 275)
   defining Unicode char U+0114 (decimal 276)
   defining Unicode char U+0115 (decimal 277)
   defining Unicode char U+0116 (decimal 278)
   defining Unicode char U+0117 (decimal 279)
   defining Unicode char U+0118 (decimal 280)
   defining Unicode char U+0119 (decimal 281)
   defining Unicode char U+011A (decimal 282)
   defining Unicode char U+011B (decimal 283)
   defining Unicode char U+011C (decimal 284)
   defining Unicode char U+011D (decimal 285)
   defining Unicode char U+011E (decimal 286)
   defining Unicode char U+011F (decimal 287)
   defining Unicode char U+0120 (decimal 288)
   defining Unicode char U+0121 (decimal 289)
   defining Unicode char U+0122 (decimal 290)
   defining Unicode char U+0123 (decimal 291)
   defining Unicode char U+0124 (decimal 292)
   defining Unicode char U+0125 (decimal 293)
   defining Unicode char U+0128 (decimal 296)
   defining Unicode char U+0129 (decimal 297)
   defining Unicode char U+012A (decimal 298)
   defining Unicode char U+012B (decimal 299)
   defining Unicode char U+012C (decimal 300)
   defining Unicode char U+012D (decimal 301)
   defining Unicode char U+012E (decimal 302)
   defining Unicode char U+012F (decimal 303)
   defining Unicode char U+0130 (decimal 304)
   defining Unicode char U+0131 (decimal 305)
   defining Unicode char U+0132 (decimal 306)
   defining Unicode char U+0133 (decimal 307)
   defining Unicode char U+0134 (decimal 308)
   defining Unicode char U+0135 (decimal 309)
   defining Unicode char U+0136 (decimal 310)
   defining Unicode char U+0137 (decimal 311)
   defining Unicode char U+0139 (decimal 313)
   defining Unicode char U+013A (decimal 314)
   defining Unicode char U+013B (decimal 315)
   defining Unicode char U+013C (decimal 316)
   defining Unicode char U+013D (decimal 317)
   defining Unicode char U+013E (decimal 318)
   defining Unicode char U+0141 (decimal 321)
   defining Unicode char U+0142 (decimal 322)
   defining Unicode char U+0143 (decimal 323)
   defining Unicode char U+0144 (decimal 324)
   defining Unicode char U+0145 (decimal 325)
   defining Unicode char U+0146 (decimal 326)
   defining Unicode char U+0147 (decimal 327)
   defining Unicode char U+0148 (decimal 328)
   defining Unicode char U+014A (decimal 330)
   defining Unicode char U+014B (decimal 331)
   defining Unicode char U+014C (decimal 332)
   defining Unicode char U+014D (decimal 333)
   defining Unicode char U+014E (decimal 334)
   defining Unicode char U+014F (decimal 335)
   defining Unicode char U+0150 (decimal 336)
   defining Unicode char U+0151 (decimal 337)
   defining Unicode char U+0152 (decimal 338)
   defining Unicode char U+0153 (decimal 339)
   defining Unicode char U+0154 (decimal 340)
   defining Unicode char U+0155 (decimal 341)
   defining Unicode char U+0156 (decimal 342)
   defining Unicode char U+0157 (decimal 343)
   defining Unicode char U+0158 (decimal 344)
   defining Unicode char U+0159 (decimal 345)
   defining Unicode char U+015A (decimal 346)
   defining Unicode char U+015B (decimal 347)
   defining Unicode char U+015C (decimal 348)
   defining Unicode char U+015D (decimal 349)
   defining Unicode char U+015E (decimal 350)
   defining Unicode char U+015F (decimal 351)
   defining Unicode char U+0160 (decimal 352)
   defining Unicode char U+0161 (decimal 353)
   defining Unicode char U+0162 (decimal 354)
   defining Unicode char U+0163 (decimal 355)
   defining Unicode char U+0164 (decimal 356)
   defining Unicode char U+0165 (decimal 357)
   defining Unicode char U+0168 (decimal 360)
   defining Unicode char U+0169 (decimal 361)
   defining Unicode char U+016A (decimal 362)
   defining Unicode char U+016B (decimal 363)
   defining Unicode char U+016C (decimal 364)
   defining Unicode char U+016D (decimal 365)
   defining Unicode char U+016E (decimal 366)
   defining Unicode char U+016F (decimal 367)
   defining Unicode char U+0170 (decimal 368)
   defining Unicode char U+0171 (decimal 369)
   defining Unicode char U+0172 (decimal 370)
   defining Unicode char U+0173 (decimal 371)
   defining Unicode char U+0174 (decimal 372)
   defining Unicode char U+0175 (decimal 373)
   defining Unicode char U+0176 (decimal 374)
   defining Unicode char U+0177 (decimal 375)
   defining Unicode char U+0178 (decimal 376)
   defining Unicode char U+0179 (decimal 377)
   defining Unicode char U+017A (decimal 378)
   defining Unicode char U+017B (decimal 379)
   defining Unicode char U+017C (decimal 380)
   defining Unicode char U+017D (decimal 381)
   defining Unicode char U+017E (decimal 382)
   defining Unicode char U+01CD (decimal 461)
   defining Unicode char U+01CE (decimal 462)
   defining Unicode char U+01CF (decimal 463)
   defining Unicode char U+01D0 (decimal 464)
   defining Unicode char U+01D1 (decimal 465)
   defining Unicode char U+01D2 (decimal 466)
   defining Unicode char U+01D3 (decimal 467)
   defining Unicode char U+01D4 (decimal 468)
   defining Unicode char U+01E2 (decimal 482)
   defining Unicode char U+01E3 (decimal 483)
   defining Unicode char U+01E6 (decimal 486)
   defining Unicode char U+01E7 (decimal 487)
   defining Unicode char U+01E8 (decimal 488)
   defining Unicode char U+01E9 (decimal 489)
   defining Unicode char U+01EA (decimal 490)
   defining Unicode char U+01EB (decimal 491)
   defining Unicode char U+01F0 (decimal 496)
   defining Unicode char U+01F4 (decimal 500)
   defining Unicode char U+01F5 (decimal 501)
   defining Unicode char U+0218 (decimal 536)
   defining Unicode char U+0219 (decimal 537)
   defining Unicode char U+021A (decimal 538)
   defining Unicode char U+021B (decimal 539)
   defining Unicode char U+0232 (decimal 562)
   defining Unicode char U+0233 (decimal 563)
   defining Unicode char U+1E02 (decimal 7682)
   defining Unicode char U+1E03 (decimal 7683)
   defining Unicode char U+200C (decimal 8204)
   defining Unicode char U+2010 (decimal 8208)
   defining Unicode char U+2011 (decimal 8209)
   defining Unicode char U+2012 (decimal 8210)
   defining Unicode char U+2013 (decimal 8211)
   defining Unicode char U+2014 (decimal 8212)
   defining Unicode char U+2015 (decimal 8213)
   defining Unicode char U+2018 (decimal 8216)
   defining Unicode char U+2019 (decimal 8217)
   defining Unicode char U+201A (decimal 8218)
   defining Unicode char U+201C (decimal 8220)
   defining Unicode char U+201D (decimal 8221)
   defining Unicode char U+201E (decimal 8222)
   defining Unicode char U+2030 (decimal 8240)
   defining Unicode char U+2031 (decimal 8241)
   defining Unicode char U+2039 (decimal 8249)
   defining Unicode char U+203A (decimal 8250)
   defining Unicode char U+2423 (decimal 9251)
   defining Unicode char U+1E20 (decimal 7712)
   defining Unicode char U+1E21 (decimal 7713)
)
Now handling font encoding OT1 ...
... processing UTF-8 mapping file for font encoding OT1

(/usr/share/texlive/texmf-dist/tex/latex/base/ot1enc.dfu
File: ot1enc.dfu 2017/01/28 v1.1t UTF-8 support for inputenc
   defining Unicode char U+00A0 (decimal 160)
   defining Unicode char U+00A1 (decimal 161)
   defining Unicode char U+00A3 (decimal 163)
   defining Unicode char U+00AD (decimal 173)
   defining Unicode char U+00B8 (decimal 184)
   defining Unicode char U+00BF (decimal 191)
   defining Unicode char U+00C5 (decimal 197)
   defining Unicode char U+00C6 (decimal 198)
   defining Unicode char U+00D8 (decimal 216)
   defining Unicode char U+00DF (decimal 223)
   defining Unicode char U+00E6 (decimal 230)
   defining Unicode char U+00EC (decimal 236)
   defining Unicode char U+00ED (decimal 237)
   defining Unicode char U+00EE (decimal 238)
   defining Unicode char U+00EF (decimal 239)
   defining Unicode char U+00F8 (decimal 248)
   defining Unicode char U+0131 (decimal 305)
   defining Unicode char U+0141 (decimal 321)
   defining Unicode char U+0142 (decimal 322)
   defining Unicode char U+0152 (decimal 338)
   defining Unicode char U+0153 (decimal 339)
   defining Unicode char U+0174 (decimal 372)
   defining Unicode char U+0175 (decimal 373)
   defining Unicode char U+0176 (decimal 374)
   defining Unicode char U+0177 (decimal 375)
   defining Unicode char U+0218 (decimal 536)
   defining Unicode char U+0219 (decimal 537)
   defining Unicode char U+021A (decimal 538)
   defining Unicode char U+021B (decimal 539)
   defining Unicode char U+2013 (decimal 8211)
   defining Unicode char U+2014 (decimal 8212)
   defining Unicode char U+2018 (decimal 8216)
   defining Unicode char U+2019 (decimal 8217)
   defining Unicode char U+201C (decimal 8220)
   defining Unicode char U+201D (decimal 8221)
)
Now handling font encoding OMS ...
... processing UTF-8 mapping file for font encoding OMS

(/usr/share/texlive/texmf-dist/tex/latex/base/omsenc.dfu
File: omsenc.dfu 2017/01/28 v1.1t UTF-8 support for inputenc
   defining Unicode char U+00A7 (decimal 167)
   defining Unicode char U+00B6 (decimal 182)
   defining Unicode char U+00B7 (decimal 183)
   defining Unicode char U+2020 (decimal 8224)
   defining Unicode char U+2021 (decimal 8225)
   defining Unicode char U+2022 (decimal 8226)
)
Now handling font encoding OMX ...
... no UTF-8 mapping file for font encoding OMX
Now handling font encoding U ...
... no UTF-8 mapping file for font encoding U
Now handling font encoding PD1 ...
... no UTF-8 mapping file for font encoding PD1
   defining Unicode char U+00A9 (decimal 169)
   defining Unicode char U+00AA (decimal 170)
   defining Unicode char U+00AE (decimal 174)
   defining Unicode char U+00BA (decimal 186)
   defining Unicode char U+02C6 (decimal 710)
   defining Unicode char U+02DC (decimal 732)
   defining Unicode char U+200C (decimal 8204)
   defining Unicode char U+2026 (decimal 8230)
   defining Unicode char U+2122 (decimal 8482)
   defining Unicode char U+2423 (decimal 9251)
))
(/usr/share/texlive/texmf-dist/tex/latex/base/fontenc.sty
Package: fontenc 2017/04/05 v2.0i Standard LaTeX package

(/usr/share/texlive/texmf-dist/tex/latex/base/t1enc.def
File: t1enc.def 2017/04/05 v2.0i Standard LaTeX file
LaTeX Font Info:    Redeclaring font encoding T1 on input line 48.
))
(/usr/share/texlive/texmf-dist/tex/generic/babel/babel.sty
Package: babel 2018/02/14 3.18 The Babel package

(/usr/share/texlive/texmf-dist/tex/generic/babel/switch.def
File: switch.def 2018/02/14 3.18 Babel switching mechanism
)
(/usr/share/texlive/texmf-dist/tex/generic/babel-portuges/portuges.ldf
Language: portuges 2008/03/18 v1.2q Portuguese support from the babel system

(/usr/share/texlive/texmf-dist/tex/generic/babel/babel.def
File: babel.def 2018/02/14 3.18 Babel common definitions
\babel@savecnt=\count154
\U@D=\dimen190

(/usr/share/texlive/texmf-dist/tex/generic/babel/txtbabel.def)
LaTeX Info: Redefining \textlatin on input line 1839.
\bbl@dirlevel=\count155
)
\l@brazilian = a dialect from \language\l@portuges 
Package babel Info: Making " an active character on input line 145.
))
(/usr/share/texlive/texmf-dist/tex/latex/ms/ragged2e.sty
Package: ragged2e 2009/05/21 v2.1 ragged2e Package (MS)

(/usr/share/texlive/texmf-dist/tex/latex/ms/everysel.sty
Package: everysel 2011/10/28 v1.2 EverySelectfont Package (MS)
)
\CenteringLeftskip=\skip57
\RaggedLeftLeftskip=\skip58
\RaggedRightLeftskip=\skip59
\CenteringRightskip=\skip60
\RaggedLeftRightskip=\skip61
\RaggedRightRightskip=\skip62
\CenteringParfillskip=\skip63
\RaggedLeftParfillskip=\skip64
\RaggedRightParfillskip=\skip65
\JustifyingParfillskip=\skip66
\CenteringParindent=\skip67
\RaggedLeftParindent=\skip68
\RaggedRightParindent=\skip69
\JustifyingParindent=\skip70
)
(/usr/share/texlive/texmf-dist/tex/latex/pgf/frontendlayer/tikz.sty
(/usr/share/texlive/texmf-dist/tex/latex/pgf/basiclayer/pgf.sty
Package: pgf 2015/08/07 v3.0.1a (rcs-revision 1.15)

(/usr/share/texlive/texmf-dist/tex/generic/pgf/modules/pgfmoduleshapes.code.tex
File: pgfmoduleshapes.code.tex 2014/03/21  (rcs-revision 1.35)
\pgfnodeparttextbox=\box53
) (/usr/share/texlive/texmf-dist/tex/generic/pgf/modules/pgfmoduleplot.code.tex
File: pgfmoduleplot.code.tex 2015/08/03  (rcs-revision 1.13)
)
(/usr/share/texlive/texmf-dist/tex/latex/pgf/compatibility/pgfcomp-version-0-65
.sty
Package: pgfcomp-version-0-65 2007/07/03 v3.0.1a (rcs-revision 1.7)
\pgf@nodesepstart=\dimen191
\pgf@nodesepend=\dimen192
)
(/usr/share/texlive/texmf-dist/tex/latex/pgf/compatibility/pgfcomp-version-1-18
.sty
Package: pgfcomp-version-1-18 2007/07/23 v3.0.1a (rcs-revision 1.1)
)) (/usr/share/texlive/texmf-dist/tex/latex/pgf/utilities/pgffor.sty
(/usr/share/texlive/texmf-dist/tex/latex/pgf/utilities/pgfkeys.sty
(/usr/share/texlive/texmf-dist/tex/generic/pgf/utilities/pgfkeys.code.tex))
(/usr/share/texlive/texmf-dist/tex/latex/pgf/math/pgfmath.sty
(/usr/share/texlive/texmf-dist/tex/generic/pgf/math/pgfmath.code.tex))
(/usr/share/texlive/texmf-dist/tex/generic/pgf/utilities/pgffor.code.tex
Package: pgffor 2013/12/13 v3.0.1a (rcs-revision 1.25)

(/usr/share/texlive/texmf-dist/tex/generic/pgf/math/pgfmath.code.tex)
\pgffor@iter=\dimen193
\pgffor@skip=\dimen194
\pgffor@stack=\toks45
\pgffor@toks=\toks46
))
(/usr/share/texlive/texmf-dist/tex/generic/pgf/frontendlayer/tikz/tikz.code.tex
Package: tikz 2015/08/07 v3.0.1a (rcs-revision 1.151)

(/usr/share/texlive/texmf-dist/tex/generic/pgf/libraries/pgflibraryplothandlers
.code.tex
File: pgflibraryplothandlers.code.tex 2013/08/31 v3.0.1a (rcs-revision 1.20)
\pgf@plot@mark@count=\count156
\pgfplotmarksize=\dimen195
)
\tikz@lastx=\dimen196
\tikz@lasty=\dimen197
\tikz@lastxsaved=\dimen198
\tikz@lastysaved=\dimen199
\tikzleveldistance=\dimen256
\tikzsiblingdistance=\dimen257
\tikz@figbox=\box54
\tikz@figbox@bg=\box55
\tikz@tempbox=\box56
\tikz@tempbox@bg=\box57
\tikztreelevel=\count157
\tikznumberofchildren=\count158
\tikznumberofcurrentchild=\count159
\tikz@fig@count=\count160

(/usr/share/texlive/texmf-dist/tex/generic/pgf/modules/pgfmodulematrix.code.tex
File: pgfmodulematrix.code.tex 2013/09/17  (rcs-revision 1.8)
\pgfmatrixcurrentrow=\count161
\pgfmatrixcurrentcolumn=\count162
\pgf@matrix@numberofcolumns=\count163
)
\tikz@expandcount=\count164

(/usr/share/texlive/texmf-dist/tex/generic/pgf/frontendlayer/tikz/libraries/tik
zlibrarytopaths.code.tex
File: tikzlibrarytopaths.code.tex 2008/06/17 v3.0.1a (rcs-revision 1.2)
)))
(/usr/share/texlive/texmf-dist/tex/latex/subfig/subfig.sty
Package: subfig 2005/06/28 ver: 1.3 subfig package

(/usr/share/texlive/texmf-dist/tex/latex/caption/caption.sty
Package: caption 2016/02/21 v3.3-144 Customizing captions (AR)

(/usr/share/texlive/texmf-dist/tex/latex/caption/caption3.sty
Package: caption3 2016/05/22 v1.7-166 caption3 kernel (AR)
Package caption3 Info: TeX engine: e-TeX on input line 67.
\captionmargin=\dimen258
\captionmargin@=\dimen259
\captionwidth=\dimen260
\caption@tempdima=\dimen261
\caption@indent=\dimen262
\caption@parindent=\dimen263
\caption@hangindent=\dimen264
)
\c@ContinuedFloat=\count165
Package caption Info: beamer document class.
Package caption Info: hyperref package is loaded.
Package caption Info: Hyperref support is turned off
(caption)             because hyperref has stopped early.
)
\c@KVtest=\count166
\sf@farskip=\skip71
\sf@captopadj=\dimen265
\sf@capskip=\skip72
\sf@nearskip=\skip73
\c@subfigure=\count167
\c@subfigure@save=\count168
\c@depth=\count169
\c@subtable=\count170
\c@subtable@save=\count171
\sf@top=\skip74
\sf@bottom=\skip75
)
(/usr/share/texlive/texmf-dist/tex/latex/beamer/beamerfontthemeserif.sty)

Package hyperref Warning: Token not allowed in a PDF string (PDFDocEncoding):
(hyperref)                removing `\\' on input line 109.


Package hyperref Warning: Token not allowed in a PDF string (PDFDocEncoding):
(hyperref)                removing `\\' on input line 109.


Package hyperref Warning: Token not allowed in a PDF string (PDFDocEncoding):
(hyperref)                removing `\\' on input line 109.

(./template.aux

LaTeX Warning: Label `fig1' multiply defined.


LaTeX Warning: Label `fig6' multiply defined.


LaTeX Warning: Label `fig6' multiply defined.


LaTeX Warning: Label `fig6' multiply defined.

)
\openout1 = `template.aux'.

LaTeX Font Info:    Checking defaults for OML/cmm/m/it on input line 111.
LaTeX Font Info:    ... okay on input line 111.
LaTeX Font Info:    Checking defaults for T1/cmr/m/n on input line 111.
LaTeX Font Info:    ... okay on input line 111.
LaTeX Font Info:    Checking defaults for OT1/cmr/m/n on input line 111.
LaTeX Font Info:    ... okay on input line 111.
LaTeX Font Info:    Checking defaults for OMS/cmsy/m/n on input line 111.
LaTeX Font Info:    ... okay on input line 111.
LaTeX Font Info:    Checking defaults for OMX/cmex/m/n on input line 111.
LaTeX Font Info:    ... okay on input line 111.
LaTeX Font Info:    Checking defaults for U/cmr/m/n on input line 111.
LaTeX Font Info:    ... okay on input line 111.
LaTeX Font Info:    Checking defaults for PD1/pdf/m/n on input line 111.
LaTeX Font Info:    ... okay on input line 111.

*geometry* driver: auto-detecting
*geometry* detected driver: pdftex
*geometry* verbose mode - [ preamble ] result:
* driver: pdftex
* paper: custom
* layout: <same size as paper>
* layoutoffset:(h,v)=(0.0pt,0.0pt)
* modes: includehead includefoot 
* h-part:(L,W,R)=(28.45274pt, 307.28987pt, 28.45274pt)
* v-part:(T,H,B)=(0.0pt, 273.14662pt, 0.0pt)
* \paperwidth=364.19536pt
* \paperheight=273.14662pt
* \textwidth=307.28987pt
* \textheight=244.6939pt
* \oddsidemargin=-43.81725pt
* \evensidemargin=-43.81725pt
* \topmargin=-72.26999pt
* \headheight=14.22636pt
* \headsep=0.0pt
* \topskip=10.0pt
* \footskip=14.22636pt
* \marginparwidth=3.0pt
* \marginparsep=11.0pt
* \columnsep=10.0pt
* \skip\footins=9.0pt plus 4.0pt minus 2.0pt
* \hoffset=0.0pt
* \voffset=0.0pt
* \mag=1000
* \@twocolumnfalse
* \@twosidefalse
* \@mparswitchfalse
* \@reversemarginfalse
* (1in=72.27pt=25.4mm, 1cm=28.453pt)

(/usr/share/texlive/texmf-dist/tex/context/base/mkii/supp-pdf.mkii
[Loading MPS to PDF converter (version 2006.09.02).]
\scratchcounter=\count172
\scratchdimen=\dimen266
\scratchbox=\box58
\nofMPsegments=\count173
\nofMParguments=\count174
\everyMPshowfont=\toks47
\MPscratchCnt=\count175
\MPscratchDim=\dimen267
\MPnumerator=\count176
\makeMPintoPDFobject=\count177
\everyMPtoPDFconversion=\toks48
) (/usr/share/texlive/texmf-dist/tex/latex/oberdiek/epstopdf-base.sty
Package: epstopdf-base 2016/05/15 v2.6 Base part for package epstopdf

(/usr/share/texlive/texmf-dist/tex/latex/oberdiek/grfext.sty
Package: grfext 2016/05/16 v1.2 Manage graphics extensions (HO)
)
Package epstopdf-base Info: Redefining graphics rule for `.eps' on input line 4
38.
Package grfext Info: Graphics extension search list:
(grfext)             [.pdf,.png,.jpg,.mps,.jpeg,.jbig2,.jb2,.PDF,.PNG,.JPG,.JPE
G,.JBIG2,.JB2,.eps]
(grfext)             \AppendGraphicsExtensions on input line 456.

(/usr/share/texlive/texmf-dist/tex/latex/latexconfig/epstopdf-sys.cfg
File: epstopdf-sys.cfg 2010/07/13 v1.3 Configuration of (r)epstopdf for TeX Liv
e
))
ABD: EveryShipout initializing macros
\AtBeginShipoutBox=\box59
Package hyperref Info: Link coloring OFF on input line 111.

(/usr/share/texlive/texmf-dist/tex/latex/hyperref/nameref.sty
Package: nameref 2016/05/21 v2.44 Cross-referencing by name of section

(/usr/share/texlive/texmf-dist/tex/generic/oberdiek/gettitlestring.sty
Package: gettitlestring 2016/05/16 v1.5 Cleanup title references (HO)
)
\c@section@level=\count178
)
LaTeX Info: Redefining \ref on input line 111.
LaTeX Info: Redefining \pageref on input line 111.
LaTeX Info: Redefining \nameref on input line 111.

(./template.out) (./template.out)
\@outlinefile=\write5
\openout5 = `template.out'.


(/usr/share/texlive/texmf-dist/tex/latex/translator/translator-basic-dictionary
-English.dict
Dictionary: translator-basic-dictionary, Language: English 
)
(/usr/share/texlive/texmf-dist/tex/latex/translator/translator-bibliography-dic
tionary-English.dict
Dictionary: translator-bibliography-dictionary, Language: English 
)
(/usr/share/texlive/texmf-dist/tex/latex/translator/translator-environment-dict
ionary-English.dict
Dictionary: translator-environment-dictionary, Language: English 
)
(/usr/share/texlive/texmf-dist/tex/latex/translator/translator-months-dictionar
y-English.dict
Dictionary: translator-months-dictionary, Language: English 
)
(/usr/share/texlive/texmf-dist/tex/latex/translator/translator-numbers-dictiona
ry-English.dict
Dictionary: translator-numbers-dictionary, Language: English 
)
(/usr/share/texlive/texmf-dist/tex/latex/translator/translator-theorem-dictiona
ry-English.dict
Dictionary: translator-theorem-dictionary, Language: English 
) ABD: EverySelectfont initializing macros
LaTeX Info: Redefining \selectfont on input line 111.
Package caption Info: Begin \AtBeginDocument code.
Package caption Info: subfig package v1.3 is loaded.
Package caption Info: End \AtBeginDocument code.
 (./template.nav)
<logo.jpg, id=57, 685.8122pt x 135.50626pt>
File: logo.jpg Graphic file (type jpg)
<use logo.jpg>
Package pdftex.def Info: logo.jpg  used on input line 111.
(pdftex.def)             Requested size: 254.93564pt x 50.37222pt.
File: logo.jpg Graphic file (type jpg)
<use logo.jpg>
Package pdftex.def Info: logo.jpg  used on input line 113.
(pdftex.def)             Requested size: 254.93564pt x 50.37222pt.

[1

{/var/lib/texmf/fonts/map/pdftex/updmap/pdftex.map} <./logo.jpg>]
(./template.toc)
File: logo.jpg Graphic file (type jpg)
<use logo.jpg>
Package pdftex.def Info: logo.jpg  used on input line 114.
(pdftex.def)             Requested size: 254.93564pt x 50.37222pt.
 [2

]
LaTeX Font Info:    Try loading font information for U+msa on input line 130.
 (/usr/share/texlive/texmf-dist/tex/latex/amsfonts/umsa.fd
File: umsa.fd 2013/01/14 v3.01 AMS symbols A
)
LaTeX Font Info:    Try loading font information for U+msb on input line 130.
(/usr/share/texlive/texmf-dist/tex/latex/amsfonts/umsb.fd
File: umsb.fd 2013/01/14 v3.01 AMS symbols B
)
<resultados/cluster.jpg, id=93, 1114.1625pt x 1055.945pt>
File: resultados/cluster.jpg Graphic file (type jpg)
<use resultados/cluster.jpg>
Package pdftex.def Info: resultados/cluster.jpg  used on input line 130.
(pdftex.def)             Requested size: 215.09322pt x 102.781pt.

Overfull \vbox (8.2866pt too high) detected at line 130
 []

File: logo.jpg Graphic file (type jpg)
<use logo.jpg>
Package pdftex.def Info: logo.jpg  used on input line 130.
(pdftex.def)             Requested size: 254.93564pt x 50.37222pt.
[3

 <./resultados/cluster.jpg>]
File: logo.jpg Graphic file (type jpg)
<use logo.jpg>
Package pdftex.def Info: logo.jpg  used on input line 140.
(pdftex.def)             Requested size: 254.93564pt x 50.37222pt.
 [4

]
<resultados/formation.jpg, id=110, 1228.59pt x 794.97pt>
File: resultados/formation.jpg Graphic file (type jpg)
<use resultados/formation.jpg>
Package pdftex.def Info: resultados/formation.jpg  used on input line 149.
(pdftex.def)             Requested size: 215.1002pt x 102.7796pt.
File: logo.jpg Graphic file (type jpg)
<use logo.jpg>
Package pdftex.def Info: logo.jpg  used on input line 149.
(pdftex.def)             Requested size: 254.93564pt x 50.37222pt.
 [5

 <./resultados/formation.jpg>]
File: logo.jpg Graphic file (type jpg)
<use logo.jpg>
Package pdftex.def Info: logo.jpg  used on input line 158.
(pdftex.def)             Requested size: 254.93564pt x 50.37222pt.
 [6

]
<10043dist.png, id=121, 653.44125pt x 646.415pt>
File: 10043dist.png Graphic file (type png)
<use 10043dist.png>
Package pdftex.def Info: 10043dist.png  used on input line 168.
(pdftex.def)             Requested size: 215.09785pt x 123.34288pt.
File: logo.jpg Graphic file (type jpg)
<use logo.jpg>
Package pdftex.def Info: logo.jpg  used on input line 168.
(pdftex.def)             Requested size: 254.93564pt x 50.37222pt.

[7

 <./10043dist.png>]
File: logo.jpg Graphic file (type jpg)
<use logo.jpg>
Package pdftex.def Info: logo.jpg  used on input line 177.
(pdftex.def)             Requested size: 254.93564pt x 50.37222pt.
 [8

]
<10043.png, id=133, 662.475pt x 655.44875pt>
File: 10043.png Graphic file (type png)
<use 10043.png>
Package pdftex.def Info: 10043.png  used on input line 187.
(pdftex.def)             Requested size: 215.09966pt x 123.34639pt.
pdfTeX warning (ext4): destination with the same identifier (name{fig1}) has be
en already used, duplicate ignored
<to be read again> 
                   \relax 
l.187 \end{frame}
                 
Overfull \vbox (1.90802pt too high) detected at line 187
 []

File: logo.jpg Graphic file (type jpg)
<use logo.jpg>
Package pdftex.def Info: logo.jpg  used on input line 187.
(pdftex.def)             Requested size: 254.93564pt x 50.37222pt.
[9

 <./10043.png>]
<resultados/virial.jpg, id=139, 795.7471pt x 533.0884pt>
File: resultados/virial.jpg Graphic file (type jpg)
<use resultados/virial.jpg>
Package pdftex.def Info: resultados/virial.jpg  used on input line 202.
(pdftex.def)             Requested size: 215.09743pt x 102.78455pt.
File: logo.jpg Graphic file (type jpg)
<use logo.jpg>
Package pdftex.def Info: logo.jpg  used on input line 202.
(pdftex.def)             Requested size: 254.93564pt x 50.37222pt.
 [10

 <./resultados/virial.jpg>]
File: logo.jpg Graphic file (type jpg)
<use logo.jpg>
Package pdftex.def Info: logo.jpg  used on input line 219.
(pdftex.def)             Requested size: 254.93564pt x 50.37222pt.
 [11

]
File: logo.jpg Graphic file (type jpg)
<use logo.jpg>
Package pdftex.def Info: logo.jpg  used on input line 235.
(pdftex.def)             Requested size: 254.93564pt x 50.37222pt.
 [12

]
File: logo.jpg Graphic file (type jpg)
<use logo.jpg>
Package pdftex.def Info: logo.jpg  used on input line 250.
(pdftex.def)             Requested size: 254.93564pt x 50.37222pt.
 [13

]
File: logo.jpg Graphic file (type jpg)
<use logo.jpg>
Package pdftex.def Info: logo.jpg  used on input line 265.
(pdftex.def)             Requested size: 254.93564pt x 50.37222pt.
 [14

]
File: logo.jpg Graphic file (type jpg)
<use logo.jpg>
Package pdftex.def Info: logo.jpg  used on input line 281.
(pdftex.def)             Requested size: 254.93564pt x 50.37222pt.
 [15

]
File: logo.jpg Graphic file (type jpg)
<use logo.jpg>
Package pdftex.def Info: logo.jpg  used on input line 297.
(pdftex.def)             Requested size: 254.93564pt x 50.37222pt.

[16

]
File: logo.jpg Graphic file (type jpg)
<use logo.jpg>
Package pdftex.def Info: logo.jpg  used on input line 308.
(pdftex.def)             Requested size: 254.93564pt x 50.37222pt.
 [17

]
File: logo.jpg Graphic file (type jpg)
<use logo.jpg>
Package pdftex.def Info: logo.jpg  used on input line 319.
(pdftex.def)             Requested size: 254.93564pt x 50.37222pt.
 [18

]
File: logo.jpg Graphic file (type jpg)
<use logo.jpg>
Package pdftex.def Info: logo.jpg  used on input line 340.
(pdftex.def)             Requested size: 254.93564pt x 50.37222pt.
 [19

]
File: logo.jpg Graphic file (type jpg)
<use logo.jpg>
Package pdftex.def Info: logo.jpg  used on input line 351.
(pdftex.def)             Requested size: 254.93564pt x 50.37222pt.
 [20

]
<resultados/gaps.png, id=220, 160.4394pt x 161.403pt>
File: resultados/gaps.png Graphic file (type png)
<use resultados/gaps.png>
Package pdftex.def Info: resultados/gaps.png  used on input line 359.
(pdftex.def)             Requested size: 215.10274pt x 143.9142pt.

Overfull \vbox (8.37584pt too high) detected at line 359
 []

File: logo.jpg Graphic file (type jpg)
<use logo.jpg>
Package pdftex.def Info: logo.jpg  used on input line 359.
(pdftex.def)             Requested size: 254.93564pt x 50.37222pt.
[21

 <./resultados/gaps.png>]
Overfull \vbox (2.07793pt too high) detected at line 377
 []

File: logo.jpg Graphic file (type jpg)
<use logo.jpg>
Package pdftex.def Info: logo.jpg  used on input line 377.
(pdftex.def)             Requested size: 254.93564pt x 50.37222pt.
[22

]
File: logo.jpg Graphic file (type jpg)
<use logo.jpg>
Package pdftex.def Info: logo.jpg  used on input line 391.
(pdftex.def)             Requested size: 254.93564pt x 50.37222pt.
 [23

]
File: logo.jpg Graphic file (type jpg)
<use logo.jpg>
Package pdftex.def Info: logo.jpg  used on input line 399.
(pdftex.def)             Requested size: 254.93564pt x 50.37222pt.
 [24

]
File: logo.jpg Graphic file (type jpg)
<use logo.jpg>
Package pdftex.def Info: logo.jpg  used on input line 413.
(pdftex.def)             Requested size: 254.93564pt x 50.37222pt.
 [25

]
<resultados/fluxograma.png, id=252, 663.47874pt x 272.01625pt>
File: resultados/fluxograma.png Graphic file (type png)
<use resultados/fluxograma.png>
Package pdftex.def Info: resultados/fluxograma.png  used on input line 420.
(pdftex.def)             Requested size: 265.3868pt x 108.80457pt.
File: logo.jpg Graphic file (type jpg)
<use logo.jpg>
Package pdftex.def Info: logo.jpg  used on input line 420.
(pdftex.def)             Requested size: 254.93564pt x 50.37222pt.
 [26

 <./resultados/fluxograma.png>]
<resultados/dist1.jpeg, id=259, 619.31375pt x 584.1825pt>
File: resultados/dist1.jpeg Graphic file (type jpg)
<use resultados/dist1.jpeg>
Package pdftex.def Info: resultados/dist1.jpeg  used on input line 431.
(pdftex.def)             Requested size: 142.43916pt x 134.35915pt.
<resultados/dist2.jpg, id=260, 481.8pt x 481.8pt>
File: resultados/dist2.jpg Graphic file (type jpg)
<use resultados/dist2.jpg>
Package pdftex.def Info: resultados/dist2.jpg  used on input line 431.
(pdftex.def)             Requested size: 144.5411pt x 144.5411pt.

Overfull \vbox (19.00275pt too high) detected at line 431
 []

File: logo.jpg Graphic file (type jpg)
<use logo.jpg>
Package pdftex.def Info: logo.jpg  used on input line 431.
(pdftex.def)             Requested size: 254.93564pt x 50.37222pt.
[27

 <./resultados/dist1.jpeg> <./resultados/dist2.jpg>]
<resultados/dist3.jpg, id=266, 481.8pt x 481.8pt>
File: resultados/dist3.jpg Graphic file (type jpg)
<use resultados/dist3.jpg>
Package pdftex.def Info: resultados/dist3.jpg  used on input line 441.
(pdftex.def)             Requested size: 110.81166pt x 110.81166pt.
<resultados/dist4.jpg, id=267, 481.8pt x 481.8pt>
File: resultados/dist4.jpg Graphic file (type jpg)
<use resultados/dist4.jpg>
Package pdftex.def Info: resultados/dist4.jpg  used on input line 441.
(pdftex.def)             Requested size: 110.81166pt x 110.81166pt.
<resultados/dist5.jpg, id=268, 481.8pt x 481.8pt>
File: resultados/dist5.jpg Graphic file (type jpg)
<use resultados/dist5.jpg>
Package pdftex.def Info: resultados/dist5.jpg  used on input line 441.
(pdftex.def)             Requested size: 110.81166pt x 110.81166pt.

Overfull \hbox (25.14511pt too wide) in paragraph at lines 441--441
 [][][] 
 []

File: logo.jpg Graphic file (type jpg)
<use logo.jpg>
Package pdftex.def Info: logo.jpg  used on input line 441.
(pdftex.def)             Requested size: 254.93564pt x 50.37222pt.
[28

 <./resultados/dist3.jpg> <./resultados/dist4.jpg> <./resultados/dist5.jpg>]
<resultados/dist6.jpg, id=274, 481.8pt x 481.8pt>
File: resultados/dist6.jpg Graphic file (type jpg)
<use resultados/dist6.jpg>
Package pdftex.def Info: resultados/dist6.jpg  used on input line 451.
(pdftex.def)             Requested size: 110.81166pt x 110.81166pt.
<resultados/dist7.jpg, id=275, 481.8pt x 481.8pt>
File: resultados/dist7.jpg Graphic file (type jpg)
<use resultados/dist7.jpg>
Package pdftex.def Info: resultados/dist7.jpg  used on input line 451.
(pdftex.def)             Requested size: 110.81166pt x 110.81166pt.
<resultados/dist8.jpg, id=276, 481.8pt x 481.8pt>
File: resultados/dist8.jpg Graphic file (type jpg)
<use resultados/dist8.jpg>
Package pdftex.def Info: resultados/dist8.jpg  used on input line 451.
(pdftex.def)             Requested size: 110.81166pt x 110.81166pt.

Overfull \hbox (25.14511pt too wide) in paragraph at lines 451--451
 [][][] 
 []

File: logo.jpg Graphic file (type jpg)
<use logo.jpg>
Package pdftex.def Info: logo.jpg  used on input line 451.
(pdftex.def)             Requested size: 254.93564pt x 50.37222pt.
[29

 <./resultados/dist6.jpg> <./resultados/dist7.jpg> <./resultados/dist8.jpg>]
<resultados/dist9.jpg, id=282, 481.8pt x 481.8pt>
File: resultados/dist9.jpg Graphic file (type jpg)
<use resultados/dist9.jpg>
Package pdftex.def Info: resultados/dist9.jpg  used on input line 461.
(pdftex.def)             Requested size: 110.81166pt x 110.81166pt.
<resultados/dist10.jpg, id=283, 481.8pt x 481.8pt>
File: resultados/dist10.jpg Graphic file (type jpg)
<use resultados/dist10.jpg>
Package pdftex.def Info: resultados/dist10.jpg  used on input line 461.
(pdftex.def)             Requested size: 110.81166pt x 110.81166pt.
<resultados/dist11.jpg, id=284, 481.8pt x 481.8pt>
File: resultados/dist11.jpg Graphic file (type jpg)
<use resultados/dist11.jpg>
Package pdftex.def Info: resultados/dist11.jpg  used on input line 461.
(pdftex.def)             Requested size: 110.81166pt x 110.81166pt.

Overfull \hbox (25.14511pt too wide) in paragraph at lines 461--461
 [][][] 
 []

File: logo.jpg Graphic file (type jpg)
<use logo.jpg>
Package pdftex.def Info: logo.jpg  used on input line 461.
(pdftex.def)             Requested size: 254.93564pt x 50.37222pt.
[30

 <./resultados/dist9.jpg> <./resultados/dist10.jpg> <./resultados/dist11.jpg>]
<resultados/dist12.jpg, id=290, 481.8pt x 481.8pt>
File: resultados/dist12.jpg Graphic file (type jpg)
<use resultados/dist12.jpg>
Package pdftex.def Info: resultados/dist12.jpg  used on input line 471.
(pdftex.def)             Requested size: 110.81166pt x 110.81166pt.
<resultados/dist13.jpg, id=291, 481.8pt x 481.8pt>
File: resultados/dist13.jpg Graphic file (type jpg)
<use resultados/dist13.jpg>
Package pdftex.def Info: resultados/dist13.jpg  used on input line 471.
(pdftex.def)             Requested size: 110.81166pt x 110.81166pt.
<resultados/dist14.jpg, id=292, 481.8pt x 481.8pt>
File: resultados/dist14.jpg Graphic file (type jpg)
<use resultados/dist14.jpg>
Package pdftex.def Info: resultados/dist14.jpg  used on input line 471.
(pdftex.def)             Requested size: 110.81166pt x 110.81166pt.

Overfull \hbox (25.14511pt too wide) in paragraph at lines 471--471
 [][][] 
 []

File: logo.jpg Graphic file (type jpg)
<use logo.jpg>
Package pdftex.def Info: logo.jpg  used on input line 471.
(pdftex.def)             Requested size: 254.93564pt x 50.37222pt.
[31

 <./resultados/dist12.jpg> <./resultados/dist13.jpg> <./resultados/dist14.jpg>]
<resultados/dist15.jpg, id=299, 481.8pt x 481.8pt>
File: resultados/dist15.jpg Graphic file (type jpg)
<use resultados/dist15.jpg>
Package pdftex.def Info: resultados/dist15.jpg  used on input line 481.
(pdftex.def)             Requested size: 110.81166pt x 110.81166pt.
<resultados/dist16.jpg, id=300, 481.8pt x 481.8pt>
File: resultados/dist16.jpg Graphic file (type jpg)
<use resultados/dist16.jpg>
Package pdftex.def Info: resultados/dist16.jpg  used on input line 481.
(pdftex.def)             Requested size: 110.81166pt x 110.81166pt.
<resultados/dist17.jpg, id=301, 481.8pt x 481.8pt>
File: resultados/dist17.jpg Graphic file (type jpg)
<use resultados/dist17.jpg>
Package pdftex.def Info: resultados/dist17.jpg  used on input line 481.
(pdftex.def)             Requested size: 110.81166pt x 110.81166pt.

Overfull \hbox (25.14511pt too wide) in paragraph at lines 481--481
 [][][] 
 []

File: logo.jpg Graphic file (type jpg)
<use logo.jpg>
Package pdftex.def Info: logo.jpg  used on input line 481.
(pdftex.def)             Requested size: 254.93564pt x 50.37222pt.
[32

 <./resultados/dist15.jpg> <./resultados/dist16.jpg> <./resultados/dist17.jpg>]
<resultados/dist18.jpg, id=307, 481.8pt x 481.8pt>
File: resultados/dist18.jpg Graphic file (type jpg)
<use resultados/dist18.jpg>
Package pdftex.def Info: resultados/dist18.jpg  used on input line 491.
(pdftex.def)             Requested size: 110.81166pt x 110.81166pt.
<resultados/dist19.jpg, id=308, 481.8pt x 481.8pt>
File: resultados/dist19.jpg Graphic file (type jpg)
<use resultados/dist19.jpg>
Package pdftex.def Info: resultados/dist19.jpg  used on input line 491.
(pdftex.def)             Requested size: 110.81166pt x 110.81166pt.
<resultados/dist20.jpg, id=309, 481.8pt x 481.8pt>
File: resultados/dist20.jpg Graphic file (type jpg)
<use resultados/dist20.jpg>
Package pdftex.def Info: resultados/dist20.jpg  used on input line 491.
(pdftex.def)             Requested size: 110.81166pt x 110.81166pt.

Overfull \hbox (25.14511pt too wide) in paragraph at lines 491--491
 [][][] 
 []

File: logo.jpg Graphic file (type jpg)
<use logo.jpg>
Package pdftex.def Info: logo.jpg  used on input line 491.
(pdftex.def)             Requested size: 254.93564pt x 50.37222pt.
[33

 <./resultados/dist18.jpg> <./resultados/dist19.jpg> <./resultados/dist20.jpg>]
<resultados/eixo1.jpg, id=315, 481.8pt x 481.8pt>
File: resultados/eixo1.jpg Graphic file (type jpg)
<use resultados/eixo1.jpg>
Package pdftex.def Info: resultados/eixo1.jpg  used on input line 501.
(pdftex.def)             Requested size: 144.5411pt x 144.5411pt.
<resultados/eixo2.jpg, id=316, 481.8pt x 481.8pt>
File: resultados/eixo2.jpg Graphic file (type jpg)
<use resultados/eixo2.jpg>
Package pdftex.def Info: resultados/eixo2.jpg  used on input line 501.
(pdftex.def)             Requested size: 144.5411pt x 144.5411pt.

Overfull \vbox (19.00275pt too high) detected at line 501
 []

File: logo.jpg Graphic file (type jpg)
<use logo.jpg>
Package pdftex.def Info: logo.jpg  used on input line 501.
(pdftex.def)             Requested size: 254.93564pt x 50.37222pt.
[34

 <./resultados/eixo1.jpg> <./resultados/eixo2.jpg>]
<resultados/eixo3.jpg, id=322, 481.8pt x 481.8pt>
File: resultados/eixo3.jpg Graphic file (type jpg)
<use resultados/eixo3.jpg>
Package pdftex.def Info: resultados/eixo3.jpg  used on input line 511.
(pdftex.def)             Requested size: 110.81166pt x 110.81166pt.
<resultados/eixo4.jpg, id=323, 481.8pt x 481.8pt>
File: resultados/eixo4.jpg Graphic file (type jpg)
<use resultados/eixo4.jpg>
Package pdftex.def Info: resultados/eixo4.jpg  used on input line 511.
(pdftex.def)             Requested size: 110.81166pt x 110.81166pt.
<resultados/eixo5.jpg, id=324, 481.8pt x 481.8pt>
File: resultados/eixo5.jpg Graphic file (type jpg)
<use resultados/eixo5.jpg>
Package pdftex.def Info: resultados/eixo5.jpg  used on input line 511.
(pdftex.def)             Requested size: 110.81166pt x 110.81166pt.

Overfull \hbox (25.14511pt too wide) in paragraph at lines 511--511
 [][][] 
 []

File: logo.jpg Graphic file (type jpg)
<use logo.jpg>
Package pdftex.def Info: logo.jpg  used on input line 511.
(pdftex.def)             Requested size: 254.93564pt x 50.37222pt.
[35

 <./resultados/eixo3.jpg> <./resultados/eixo4.jpg> <./resultados/eixo5.jpg>]
<resultados/eixo6.jpg, id=330, 481.8pt x 481.8pt>
File: resultados/eixo6.jpg Graphic file (type jpg)
<use resultados/eixo6.jpg>
Package pdftex.def Info: resultados/eixo6.jpg  used on input line 521.
(pdftex.def)             Requested size: 110.81166pt x 110.81166pt.
<resultados/eixo7.jpg, id=331, 481.8pt x 481.8pt>
File: resultados/eixo7.jpg Graphic file (type jpg)
<use resultados/eixo7.jpg>
Package pdftex.def Info: resultados/eixo7.jpg  used on input line 521.
(pdftex.def)             Requested size: 110.81166pt x 110.81166pt.
<resultados/eixo8.jpg, id=332, 481.8pt x 481.8pt>
File: resultados/eixo8.jpg Graphic file (type jpg)
<use resultados/eixo8.jpg>
Package pdftex.def Info: resultados/eixo8.jpg  used on input line 521.
(pdftex.def)             Requested size: 110.81166pt x 110.81166pt.

Overfull \hbox (25.14511pt too wide) in paragraph at lines 521--521
 [][][] 
 []

File: logo.jpg Graphic file (type jpg)
<use logo.jpg>
Package pdftex.def Info: logo.jpg  used on input line 521.
(pdftex.def)             Requested size: 254.93564pt x 50.37222pt.
[36

 <./resultados/eixo6.jpg> <./resultados/eixo7.jpg> <./resultados/eixo8.jpg>]
<resultados/eixo9.jpg, id=338, 481.8pt x 481.8pt>
File: resultados/eixo9.jpg Graphic file (type jpg)
<use resultados/eixo9.jpg>
Package pdftex.def Info: resultados/eixo9.jpg  used on input line 531.
(pdftex.def)             Requested size: 110.81166pt x 110.81166pt.
<resultados/eixo10.jpg, id=339, 481.8pt x 481.8pt>
File: resultados/eixo10.jpg Graphic file (type jpg)
<use resultados/eixo10.jpg>
Package pdftex.def Info: resultados/eixo10.jpg  used on input line 531.
(pdftex.def)             Requested size: 110.81166pt x 110.81166pt.
<resultados/eixo11.jpg, id=340, 481.8pt x 481.8pt>
File: resultados/eixo11.jpg Graphic file (type jpg)
<use resultados/eixo11.jpg>
Package pdftex.def Info: resultados/eixo11.jpg  used on input line 531.
(pdftex.def)             Requested size: 110.81166pt x 110.81166pt.

Overfull \hbox (25.14511pt too wide) in paragraph at lines 531--531
 [][][] 
 []

File: logo.jpg Graphic file (type jpg)
<use logo.jpg>
Package pdftex.def Info: logo.jpg  used on input line 531.
(pdftex.def)             Requested size: 254.93564pt x 50.37222pt.
[37

 <./resultados/eixo9.jpg> <./resultados/eixo10.jpg> <./resultados/eixo11.jpg>]
<resultados/eixo12.jpg, id=347, 481.8pt x 481.8pt>
File: resultados/eixo12.jpg Graphic file (type jpg)
<use resultados/eixo12.jpg>
Package pdftex.def Info: resultados/eixo12.jpg  used on input line 541.
(pdftex.def)             Requested size: 110.81166pt x 110.81166pt.
<resultados/eixo13.jpg, id=348, 481.8pt x 481.8pt>
File: resultados/eixo13.jpg Graphic file (type jpg)
<use resultados/eixo13.jpg>
Package pdftex.def Info: resultados/eixo13.jpg  used on input line 541.
(pdftex.def)             Requested size: 110.81166pt x 110.81166pt.
<resultados/eixo14.jpg, id=349, 481.8pt x 481.8pt>
File: resultados/eixo14.jpg Graphic file (type jpg)
<use resultados/eixo14.jpg>
Package pdftex.def Info: resultados/eixo14.jpg  used on input line 541.
(pdftex.def)             Requested size: 110.81166pt x 110.81166pt.

Overfull \hbox (25.14511pt too wide) in paragraph at lines 541--541
 [][][] 
 []

File: logo.jpg Graphic file (type jpg)
<use logo.jpg>
Package pdftex.def Info: logo.jpg  used on input line 541.
(pdftex.def)             Requested size: 254.93564pt x 50.37222pt.
[38

 <./resultados/eixo12.jpg> <./resultados/eixo13.jpg> <./resultados/eixo14.jpg>]
<resultados/eixo15.jpg, id=356, 481.8pt x 481.8pt>
File: resultados/eixo15.jpg Graphic file (type jpg)
<use resultados/eixo15.jpg>
Package pdftex.def Info: resultados/eixo15.jpg  used on input line 551.
(pdftex.def)             Requested size: 110.81166pt x 110.81166pt.
<resultados/eixo16.jpg, id=357, 481.8pt x 481.8pt>
File: resultados/eixo16.jpg Graphic file (type jpg)
<use resultados/eixo16.jpg>
Package pdftex.def Info: resultados/eixo16.jpg  used on input line 551.
(pdftex.def)             Requested size: 110.81166pt x 110.81166pt.
<resultados/eixo17.jpg, id=358, 481.8pt x 481.8pt>
File: resultados/eixo17.jpg Graphic file (type jpg)
<use resultados/eixo17.jpg>
Package pdftex.def Info: resultados/eixo17.jpg  used on input line 551.
(pdftex.def)             Requested size: 110.81166pt x 110.81166pt.

Overfull \hbox (25.14511pt too wide) in paragraph at lines 551--551
 [][][] 
 []

File: logo.jpg Graphic file (type jpg)
<use logo.jpg>
Package pdftex.def Info: logo.jpg  used on input line 551.
(pdftex.def)             Requested size: 254.93564pt x 50.37222pt.
[39

 <./resultados/eixo15.jpg> <./resultados/eixo16.jpg> <./resultados/eixo17.jpg>]
<resultados/eixo18.jpg, id=364, 481.8pt x 481.8pt>
File: resultados/eixo18.jpg Graphic file (type jpg)
<use resultados/eixo18.jpg>
Package pdftex.def Info: resultados/eixo18.jpg  used on input line 561.
(pdftex.def)             Requested size: 110.81166pt x 110.81166pt.
<resultados/eixo19.jpg, id=365, 481.8pt x 481.8pt>
File: resultados/eixo19.jpg Graphic file (type jpg)
<use resultados/eixo19.jpg>
Package pdftex.def Info: resultados/eixo19.jpg  used on input line 561.
(pdftex.def)             Requested size: 110.81166pt x 110.81166pt.
<resultados/eixo20.jpg, id=366, 481.8pt x 481.8pt>
File: resultados/eixo20.jpg Graphic file (type jpg)
<use resultados/eixo20.jpg>
Package pdftex.def Info: resultados/eixo20.jpg  used on input line 561.
(pdftex.def)             Requested size: 110.81166pt x 110.81166pt.

Overfull \hbox (25.14511pt too wide) in paragraph at lines 561--561
 [][][] 
 []

File: logo.jpg Graphic file (type jpg)
<use logo.jpg>
Package pdftex.def Info: logo.jpg  used on input line 561.
(pdftex.def)             Requested size: 254.93564pt x 50.37222pt.
[40

 <./resultados/eixo18.jpg> <./resultados/eixo19.jpg> <./resultados/eixo20.jpg>]

Overfull \hbox (40.54767pt too wide) in alignment at lines 617--617
[] [] []
 []


Overfull \vbox (6.2227pt too high) detected at line 617
 []

File: logo.jpg Graphic file (type jpg)
<use logo.jpg>
Package pdftex.def Info: logo.jpg  used on input line 617.
(pdftex.def)             Requested size: 254.93564pt x 50.37222pt.
[41

]
Overfull \hbox (40.54767pt too wide) in alignment at lines 673--673
[] [] []
 []


Overfull \vbox (6.2227pt too high) detected at line 673
 []

File: logo.jpg Graphic file (type jpg)
<use logo.jpg>
Package pdftex.def Info: logo.jpg  used on input line 673.
(pdftex.def)             Requested size: 254.93564pt x 50.37222pt.
[42

]
Overfull \hbox (40.54767pt too wide) in alignment at lines 730--730
[] [] []
 []


Overfull \vbox (6.2227pt too high) detected at line 730
 []

File: logo.jpg Graphic file (type jpg)
<use logo.jpg>
Package pdftex.def Info: logo.jpg  used on input line 730.
(pdftex.def)             Requested size: 254.93564pt x 50.37222pt.
[43

]
File: logo.jpg Graphic file (type jpg)
<use logo.jpg>
Package pdftex.def Info: logo.jpg  used on input line 742.
(pdftex.def)             Requested size: 254.93564pt x 50.37222pt.
 [44

]
<resultados/perfil2.jpg, id=397, 481.8pt x 481.8pt>
File: resultados/perfil2.jpg Graphic file (type jpg)
<use resultados/perfil2.jpg>
Package pdftex.def Info: resultados/perfil2.jpg  used on input line 756.
(pdftex.def)             Requested size: 110.81166pt x 110.81166pt.
<resultados/perfil4.jpg, id=398, 481.8pt x 481.8pt>
File: resultados/perfil4.jpg Graphic file (type jpg)
<use resultados/perfil4.jpg>
Package pdftex.def Info: resultados/perfil4.jpg  used on input line 756.
(pdftex.def)             Requested size: 110.81166pt x 110.81166pt.
<resultados/perfil5.jpg, id=399, 481.8pt x 481.8pt>
File: resultados/perfil5.jpg Graphic file (type jpg)
<use resultados/perfil5.jpg>
Package pdftex.def Info: resultados/perfil5.jpg  used on input line 756.
(pdftex.def)             Requested size: 110.81166pt x 110.81166pt.

Overfull \hbox (25.14511pt too wide) in paragraph at lines 756--756
 [][][] 
 []

File: logo.jpg Graphic file (type jpg)
<use logo.jpg>
Package pdftex.def Info: logo.jpg  used on input line 756.
(pdftex.def)             Requested size: 254.93564pt x 50.37222pt.
[45

 <./resultados/perfil2.jpg> <./resultados/perfil4.jpg> <./resultados/perfil5.jp
g>]
<resultados/perfil8.jpg, id=406, 481.8pt x 481.8pt>
File: resultados/perfil8.jpg Graphic file (type jpg)
<use resultados/perfil8.jpg>
Package pdftex.def Info: resultados/perfil8.jpg  used on input line 769.
(pdftex.def)             Requested size: 110.81166pt x 110.81166pt.
<resultados/perfil9.jpg, id=407, 481.8pt x 481.8pt>
File: resultados/perfil9.jpg Graphic file (type jpg)
<use resultados/perfil9.jpg>
Package pdftex.def Info: resultados/perfil9.jpg  used on input line 769.
(pdftex.def)             Requested size: 110.81166pt x 110.81166pt.
<resultados/perfil10.jpg, id=408, 481.8pt x 481.8pt>
File: resultados/perfil10.jpg Graphic file (type jpg)
<use resultados/perfil10.jpg>
Package pdftex.def Info: resultados/perfil10.jpg  used on input line 769.
(pdftex.def)             Requested size: 110.81166pt x 110.81166pt.

Overfull \hbox (25.14511pt too wide) in paragraph at lines 769--769
 [][][] 
 []

pdfTeX warning (ext4): destination with the same identifier (name{fig6}) has be
en already used, duplicate ignored
<to be read again> 
                   \relax 
l.769 \end{frame}
                 
File: logo.jpg Graphic file (type jpg)
<use logo.jpg>
Package pdftex.def Info: logo.jpg  used on input line 769.
(pdftex.def)             Requested size: 254.93564pt x 50.37222pt.
 [46

 <./resultados/perfil8.jpg> <./resultados/perfil9.jpg> <./resultados/perfil10.j
pg>]
<resultados/perfil11.jpg, id=414, 481.8pt x 481.8pt>
File: resultados/perfil11.jpg Graphic file (type jpg)
<use resultados/perfil11.jpg>
Package pdftex.def Info: resultados/perfil11.jpg  used on input line 782.
(pdftex.def)             Requested size: 110.81166pt x 110.81166pt.
<resultados/perfil12.jpg, id=415, 481.8pt x 481.8pt>
File: resultados/perfil12.jpg Graphic file (type jpg)
<use resultados/perfil12.jpg>
Package pdftex.def Info: resultados/perfil12.jpg  used on input line 782.
(pdftex.def)             Requested size: 110.81166pt x 110.81166pt.
<resultados/perfil14.jpg, id=416, 481.8pt x 481.8pt>
File: resultados/perfil14.jpg Graphic file (type jpg)
<use resultados/perfil14.jpg>
Package pdftex.def Info: resultados/perfil14.jpg  used on input line 782.
(pdftex.def)             Requested size: 110.81166pt x 110.81166pt.

Overfull \hbox (25.14511pt too wide) in paragraph at lines 782--782
 [][][] 
 []

pdfTeX warning (ext4): destination with the same identifier (name{fig6}) has be
en already used, duplicate ignored
<to be read again> 
                   \relax 
l.782 \end{frame}
                 
File: logo.jpg Graphic file (type jpg)
<use logo.jpg>
Package pdftex.def Info: logo.jpg  used on input line 782.
(pdftex.def)             Requested size: 254.93564pt x 50.37222pt.
 [47

 <./resultados/perfil11.jpg> <./resultados/perfil12.jpg> <./resultados/perfil14
.jpg>]
<resultados/perfil16.jpg, id=422, 481.8pt x 481.8pt>
File: resultados/perfil16.jpg Graphic file (type jpg)
<use resultados/perfil16.jpg>
Package pdftex.def Info: resultados/perfil16.jpg  used on input line 795.
(pdftex.def)             Requested size: 110.81166pt x 110.81166pt.
<resultados/perfil17.jpg, id=423, 481.8pt x 481.8pt>
File: resultados/perfil17.jpg Graphic file (type jpg)
<use resultados/perfil17.jpg>
Package pdftex.def Info: resultados/perfil17.jpg  used on input line 795.
(pdftex.def)             Requested size: 110.81166pt x 110.81166pt.
<resultados/perfil18.jpg, id=424, 481.8pt x 481.8pt>
File: resultados/perfil18.jpg Graphic file (type jpg)
<use resultados/perfil18.jpg>
Package pdftex.def Info: resultados/perfil18.jpg  used on input line 795.
(pdftex.def)             Requested size: 110.81166pt x 110.81166pt.

Overfull \hbox (25.14511pt too wide) in paragraph at lines 795--795
 [][][] 
 []

pdfTeX warning (ext4): destination with the same identifier (name{fig6}) has be
en already used, duplicate ignored
<to be read again> 
                   \relax 
l.795 \end{frame}
                 
File: logo.jpg Graphic file (type jpg)
<use logo.jpg>
Package pdftex.def Info: logo.jpg  used on input line 795.
(pdftex.def)             Requested size: 254.93564pt x 50.37222pt.
 [48

 <./resultados/perfil16.jpg> <./resultados/perfil17.jpg> <./resultados/perfil18
.jpg>]
<resultados/rotacao.png, id=430, 161.1621pt x 161.1621pt>
File: resultados/rotacao.png Graphic file (type png)
<use resultados/rotacao.png>
Package pdftex.def Info: resultados/rotacao.png  used on input line 809.
(pdftex.def)             Requested size: 128.92984pt x 128.92984pt.
File: logo.jpg Graphic file (type jpg)
<use logo.jpg>
Package pdftex.def Info: logo.jpg  used on input line 809.
(pdftex.def)             Requested size: 254.93564pt x 50.37222pt.
 [49

 <./resultados/rotacao.png>]
File: logo.jpg Graphic file (type jpg)
<use logo.jpg>
Package pdftex.def Info: logo.jpg  used on input line 819.
(pdftex.def)             Requested size: 254.93564pt x 50.37222pt.
 [50

]
File: logo.jpg Graphic file (type jpg)
<use logo.jpg>
Package pdftex.def Info: logo.jpg  used on input line 839.
(pdftex.def)             Requested size: 254.93564pt x 50.37222pt.
 [51

]
File: logo.jpg Graphic file (type jpg)
<use logo.jpg>
Package pdftex.def Info: logo.jpg  used on input line 863.
(pdftex.def)             Requested size: 254.93564pt x 50.37222pt.
 [52

 </usr/share/texlive/texmf-dist/tex/latex/beamer/beamericonarticle.pdf>]
File: logo.jpg Graphic file (type jpg)
<use logo.jpg>
Package pdftex.def Info: logo.jpg  used on input line 887.
(pdftex.def)             Requested size: 254.93564pt x 50.37222pt.
 [53

]
File: logo.jpg Graphic file (type jpg)
<use logo.jpg>
Package pdftex.def Info: logo.jpg  used on input line 912.
(pdftex.def)             Requested size: 254.93564pt x 50.37222pt.

[54

]
\tf@nav=\write6
\openout6 = `template.nav'.

\tf@toc=\write7
\openout7 = `template.toc'.

\tf@snm=\write8
\openout8 = `template.snm'.

Package atveryend Info: Empty hook `BeforeClearDocument' on input line 914.
Package atveryend Info: Empty hook `AfterLastShipout' on input line 914.
 (./template.aux)
Package atveryend Info: Executing hook `AtVeryEndDocument' on input line 914.
Package atveryend Info: Executing hook `AtEndAfterFileList' on input line 914.
Package rerunfilecheck Info: File `template.out' has not changed.
(rerunfilecheck)             Checksum: 4AA4B6243F50D4D84B7FC4CA6B1ADE7B;669.


LaTeX Warning: There were multiply-defined labels.

 ) 
Here is how much of TeX's memory you used:
 22880 strings out of 494903
 438065 string characters out of 6179962
 510599 words of memory out of 5000000
 25489 multiletter control sequences out of 15000+600000
 25097 words of font info for 61 fonts, out of 8000000 for 9000
 16 hyphenation exceptions out of 8191
 56i,15n,60p,938b,597s stack positions out of 5000i,500n,10000p,200000b,80000s
 </home/luenne/.texlive2017/texmf-var/fonts/pk/ljfour/jknappen/ec/ecrm1440.60
0pk> </home/luenne/.texlive2017/texmf-var/fonts/pk/ljfour/jknappen/ec/ecbi0900.
600pk> </home/luenne/.texlive2017/texmf-var/fonts/pk/ljfour/jknappen/ec/ecbx120
0.600pk> </home/luenne/.texlive2017/texmf-var/fonts/pk/ljfour/jknappen/ec/ecbi1
000.600pk> </home/luenne/.texlive2017/texmf-var/fonts/pk/ljfour/jknappen/ec/ect
i1000.600pk> </home/luenne/.texlive2017/texmf-var/fonts/pk/ljfour/jknappen/ec/e
cti1200.600pk> </home/luenne/.texlive2017/texmf-var/fonts/pk/ljfour/jknappen/ec
/ecrm1200.600pk> </home/luenne/.texlive2017/texmf-var/fonts/pk/ljfour/jknappen/
ec/ecti0900.600pk> </home/luenne/.texlive2017/texmf-var/fonts/pk/ljfour/jknappe
n/ec/ecti0800.600pk> </home/luenne/.texlive2017/texmf-var/fonts/pk/ljfour/jknap
pen/ec/ecrm0800.600pk> </home/luenne/.texlive2017/texmf-var/fonts/pk/ljfour/jkn
appen/ec/ecbx0900.600pk> </home/luenne/.texlive2017/texmf-var/fonts/pk/ljfour/j
knappen/ec/ecrm0700.600pk> </home/luenne/.texlive2017/texmf-var/fonts/pk/ljfour
/jknappen/ec/ecbx1440.600pk> </home/luenne/.texlive2017/texmf-var/fonts/pk/ljfo
ur/jknappen/ec/ecrm0900.600pk> </home/luenne/.texlive2017/texmf-var/fonts/pk/lj
four/jknappen/ec/ecrm1000.600pk> </home/luenne/.texlive2017/texmf-var/fonts/pk/
ljfour/jknappen/ec/ecbx1000.600pk> </home/luenne/.texlive2017/texmf-var/fonts/p
k/ljfour/jknappen/ec/eccc1440.600pk></usr/share/texlive/texmf-dist/fonts/type1/
public/amsfonts/cm/cmex10.pfb></usr/share/texlive/texmf-dist/fonts/type1/public
/amsfonts/cm/cmmi10.pfb></usr/share/texlive/texmf-dist/fonts/type1/public/amsfo
nts/cm/cmmi7.pfb></usr/share/texlive/texmf-dist/fonts/type1/public/amsfonts/cm/
cmmi8.pfb></usr/share/texlive/texmf-dist/fonts/type1/public/amsfonts/cm/cmmi9.p
fb></usr/share/texlive/texmf-dist/fonts/type1/public/amsfonts/cm/cmr10.pfb></us
r/share/texlive/texmf-dist/fonts/type1/public/amsfonts/cm/cmr6.pfb></usr/share/
texlive/texmf-dist/fonts/type1/public/amsfonts/cm/cmr7.pfb></usr/share/texlive/
texmf-dist/fonts/type1/public/amsfonts/cm/cmr8.pfb></usr/share/texlive/texmf-di
st/fonts/type1/public/amsfonts/cm/cmr9.pfb></usr/share/texlive/texmf-dist/fonts
/type1/public/amsfonts/cm/cmsy10.pfb></usr/share/texlive/texmf-dist/fonts/type1
/public/amsfonts/cm/cmsy6.pfb></usr/share/texlive/texmf-dist/fonts/type1/public
/amsfonts/cm/cmsy7.pfb></usr/share/texlive/texmf-dist/fonts/type1/public/amsfon
ts/cm/cmsy8.pfb></usr/share/texlive/texmf-dist/fonts/type1/public/amsfonts/cm/c
msy9.pfb></usr/share/texlive/texmf-dist/fonts/type1/public/amsfonts/symbols/msa
m10.pfb>
Output written on template.pdf (54 pages, 2249975 bytes).
PDF statistics:
 1093 PDF objects out of 1200 (max. 8388607)
 472 compressed objects within 5 object streams
 145 named destinations out of 1000 (max. 500000)
 460 words of extra memory for PDF output out of 10000 (max. 10000000)

